2025-11-18 01:02:42,069 INFO Model loaded successfully
2025-11-18 01:02:42,070 INFO Connecting to IB at 127.0.0.1:7497 (attempt 1/3)
2025-11-18 01:02:42,072 INFO Connecting to 127.0.0.1:7497 with clientId 1...
2025-11-18 01:02:42,074 INFO Connected
2025-11-18 01:02:42,078 INFO Logged on to server version 176
2025-11-18 01:02:42,079 INFO Warning 2104, reqId -1: Market data farm connection is OK:usfarm.nj
2025-11-18 01:02:42,080 INFO Warning 2104, reqId -1: Market data farm connection is OK:usfuture
2025-11-18 01:02:42,080 INFO Warning 2104, reqId -1: Market data farm connection is OK:usopt.nj
2025-11-18 01:02:42,081 INFO Warning 2104, reqId -1: Market data farm connection is OK:cashfarm
2025-11-18 01:02:42,081 INFO Warning 2104, reqId -1: Market data farm connection is OK:usfarm
2025-11-18 01:02:42,081 INFO Warning 2106, reqId -1: HMDS data farm connection is OK:ushmds
2025-11-18 01:02:42,081 INFO Warning 2158, reqId -1: Sec-def data farm connection is OK:secdefil
2025-11-18 01:02:42,081 INFO API connection ready
2025-11-18 01:02:42,188 INFO Synchronization complete
2025-11-18 01:02:42,188 INFO Connected to IB successfully
2025-11-18 01:02:42,250 INFO Starting IBKR bot (dry_run=True)
2025-11-18 01:02:42,250 INFO Polling every 60 seconds
2025-11-18 01:02:42,548 INFO Fetched 156 bars from IB, latest: 155
2025-11-18 01:02:42,650 INFO Decision: SELL prob=0.451 price=665.69
2025-11-18 01:02:42,650 INFO Current position: 0 shares
2025-11-18 01:02:42,650 INFO Dry-run mode: no order placed.
2025-11-18 01:02:56,419 INFO Disconnecting from 127.0.0.1:7497, 244 B sent in 10 messages, 32.1 kB received in 401 messages, session time 14.3 s.
2025-11-18 01:02:56,420 INFO Disconnecting
