2025-11-18 13:27:11,155 INFO Model loaded successfully
2025-11-18 13:27:11,157 INFO ML Threshold: 0.52
2025-11-18 13:27:11,158 INFO Connecting to IB at 127.0.0.1:7497 (attempt 1/3)
2025-11-18 13:27:11,159 INFO Connecting to 127.0.0.1:7497 with clientId 1...
2025-11-18 13:27:11,160 INFO Connected
2025-11-18 13:27:11,204 INFO Logged on to server version 176
2025-11-18 13:27:11,218 INFO API connection ready
2025-11-18 13:27:11,219 INFO Warning 2104, reqId -1: Market data farm connection is OK:usfarm.nj
2025-11-18 13:27:11,220 INFO Warning 2104, reqId -1: Market data farm connection is OK:usfuture
2025-11-18 13:27:11,220 INFO Warning 2104, reqId -1: Market data farm connection is OK:usopt.nj
2025-11-18 13:27:11,220 INFO Warning 2104, reqId -1: Market data farm connection is OK:cashfarm
2025-11-18 13:27:11,221 INFO Warning 2104, reqId -1: Market data farm connection is OK:usfarm
2025-11-18 13:27:11,221 INFO Warning 2106, reqId -1: HMDS data farm connection is OK:ushmds
2025-11-18 13:27:11,221 INFO Warning 2158, reqId -1: Sec-def data farm connection is OK:secdefil
2025-11-18 13:27:11,628 INFO Synchronization complete
2025-11-18 13:27:11,628 INFO Connected to IB successfully
2025-11-18 13:27:11,704 INFO Starting IBKR bot (dry_run=False)
2025-11-18 13:27:11,704 INFO Polling every 60 seconds
2025-11-18 13:27:12,018 INFO Fetched 357 bars from IB, latest: 356
2025-11-18 13:27:12,089 INFO Decision: SELL prob=0.449 price=664.22 (threshold=0.52)
2025-11-18 13:27:12,089 INFO Current position: 0 shares
2025-11-18 13:28:12,396 INFO Fetched 357 bars from IB, latest: 356
2025-11-18 13:28:12,448 INFO Decision: SELL prob=0.454 price=664.20 (threshold=0.52)
2025-11-18 13:28:12,448 INFO Current position: 0 shares
2025-11-18 13:29:12,707 INFO Fetched 357 bars from IB, latest: 356
2025-11-18 13:29:12,747 INFO Decision: SELL prob=0.443 price=663.89 (threshold=0.52)
2025-11-18 13:29:12,747 INFO Current position: 0 shares
2025-11-18 13:30:13,010 INFO Fetched 357 bars from IB, latest: 356
2025-11-18 13:30:13,050 INFO Decision: SELL prob=0.443 price=663.81 (threshold=0.52)
2025-11-18 13:30:13,050 INFO Current position: 0 shares
2025-11-18 13:31:13,291 INFO Fetched 358 bars from IB, latest: 357
2025-11-18 13:31:13,342 INFO Decision: SELL prob=0.425 price=663.74 (threshold=0.52)
2025-11-18 13:31:13,342 INFO Current position: 0 shares
2025-11-18 13:32:13,595 INFO Fetched 358 bars from IB, latest: 357
2025-11-18 13:32:13,632 INFO Decision: SELL prob=0.404 price=663.97 (threshold=0.52)
2025-11-18 13:32:13,633 INFO Current position: 0 shares
2025-11-18 13:33:13,884 INFO Fetched 358 bars from IB, latest: 357
2025-11-18 13:33:13,933 INFO Decision: SELL prob=0.453 price=663.60 (threshold=0.52)
2025-11-18 13:33:13,934 INFO Current position: 0 shares
2025-11-18 13:33:29,272 INFO Disconnecting from 127.0.0.1:7497, 737 B sent in 16 messages, 214 kB received in 415 messages, session time 378 s.
2025-11-18 13:33:29,273 INFO Disconnecting
