2025-11-18 13:35:33,299 INFO Model loaded successfully
2025-11-18 13:35:33,300 INFO ML Threshold: 0.52
2025-11-18 13:35:33,300 INFO Connecting to IB at 127.0.0.1:7497 (attempt 1/3)
2025-11-18 13:35:33,301 INFO Connecting to 127.0.0.1:7497 with clientId 1...
2025-11-18 13:35:33,303 INFO Connected
2025-11-18 13:35:33,311 INFO Logged on to server version 176
2025-11-18 13:35:33,314 INFO API connection ready
2025-11-18 13:35:33,315 INFO Warning 2104, reqId -1: Market data farm connection is OK:usfarm.nj
2025-11-18 13:35:33,315 INFO Warning 2104, reqId -1: Market data farm connection is OK:usfuture
2025-11-18 13:35:33,316 INFO Warning 2104, reqId -1: Market data farm connection is OK:usopt.nj
2025-11-18 13:35:33,316 INFO Warning 2104, reqId -1: Market data farm connection is OK:cashfarm
2025-11-18 13:35:33,316 INFO Warning 2104, reqId -1: Market data farm connection is OK:usfarm
2025-11-18 13:35:33,316 INFO Warning 2106, reqId -1: HMDS data farm connection is OK:ushmds
2025-11-18 13:35:33,317 INFO Warning 2158, reqId -1: Sec-def data farm connection is OK:secdefil
2025-11-18 13:35:33,622 INFO Synchronization complete
2025-11-18 13:35:33,623 INFO Connected to IB successfully
2025-11-18 13:35:33,683 INFO Starting IBKR bot (dry_run=False)
2025-11-18 13:35:33,683 INFO Polling every 60 seconds
2025-11-18 13:35:33,929 INFO Fetched 359 bars from IB, latest: 358
2025-11-18 13:35:33,972 INFO Decision: SELL prob=0.506 price=663.56 (threshold=0.52)
2025-11-18 13:35:33,973 INFO Current position: 0 shares
2025-11-18 13:36:34,229 INFO Fetched 359 bars from IB, latest: 358
2025-11-18 13:36:34,270 INFO Decision: BUY prob=0.597 price=663.39 (threshold=0.52)
2025-11-18 13:36:34,270 INFO Current position: 0 shares
2025-11-18 13:36:34,271 INFO placeOrder: New order Trade(contract=Stock(conId=756733, symbol='SPY', exchange='SMART', primaryExchange='ARCA', currency='USD', localSymbol='SPY', tradingClass='SPY'), order=MarketOrder(orderId=6, clientId=1, action='BUY', totalQuantity=1), orderStatus=OrderStatus(orderId=6, status='PendingSubmit', filled=0.0, remaining=0.0, avgFillPrice=0.0, permId=0, parentId=0, lastFillPrice=0.0, clientId=0, whyHeld='', mktCapPrice=0.0), fills=[], log=[TradeLogEntry(time=datetime.datetime(2025, 11, 18, 18, 36, 34, 271378, tzinfo=datetime.timezone.utc), status='PendingSubmit', message='', errorCode=0)], advancedError='')
2025-11-18 13:36:34,272 INFO \u2705 PLACED BUY ORDER for 1 shares: Trade(contract=Stock(conId=756733, symbol='SPY', exchange='SMART', primaryExchange='ARCA', currency='USD', localSymbol='SPY', tradingClass='SPY'), order=MarketOrder(orderId=6, clientId=1, action='BUY', totalQuantity=1), orderStatus=OrderStatus(orderId=6, status='PendingSubmit', filled=0.0, remaining=0.0, avgFillPrice=0.0, permId=0, parentId=0, lastFillPrice=0.0, clientId=0, whyHeld='', mktCapPrice=0.0), fills=[], log=[TradeLogEntry(time=datetime.datetime(2025, 11, 18, 18, 36, 34, 271378, tzinfo=datetime.timezone.utc), status='PendingSubmit', message='', errorCode=0)], advancedError='')
2025-11-18 13:37:36,511 INFO Fetched 359 bars from IB, latest: 358
2025-11-18 13:37:36,550 INFO Decision: SELL prob=0.512 price=663.53 (threshold=0.52)
2025-11-18 13:37:36,550 INFO Current position: 0 shares
2025-11-18 13:38:36,793 INFO Fetched 359 bars from IB, latest: 358
2025-11-18 13:38:36,845 INFO Decision: SELL prob=0.515 price=664.05 (threshold=0.52)
2025-11-18 13:38:36,846 INFO Current position: 0 shares
2025-11-18 13:39:37,090 INFO Fetched 359 bars from IB, latest: 358
2025-11-18 13:39:37,129 INFO Decision: SELL prob=0.510 price=664.03 (threshold=0.52)
2025-11-18 13:39:37,129 INFO Current position: 0 shares
2025-11-18 13:40:37,352 INFO Fetched 360 bars from IB, latest: 359
2025-11-18 13:40:37,397 INFO Decision: SELL prob=0.488 price=663.86 (threshold=0.52)
2025-11-18 13:40:37,398 INFO Current position: 0 shares
2025-11-18 13:41:37,624 INFO Fetched 360 bars from IB, latest: 359
2025-11-18 13:41:37,674 INFO Decision: BUY prob=0.559 price=663.58 (threshold=0.52)
2025-11-18 13:41:37,675 INFO Current position: 0 shares
2025-11-18 13:41:37,676 INFO placeOrder: New order Trade(contract=Stock(conId=756733, symbol='SPY', exchange='SMART', primaryExchange='ARCA', currency='USD', localSymbol='SPY', tradingClass='SPY'), order=MarketOrder(orderId=12, clientId=1, action='BUY', totalQuantity=1), orderStatus=OrderStatus(orderId=12, status='PendingSubmit', filled=0.0, remaining=0.0, avgFillPrice=0.0, permId=0, parentId=0, lastFillPrice=0.0, clientId=0, whyHeld='', mktCapPrice=0.0), fills=[], log=[TradeLogEntry(time=datetime.datetime(2025, 11, 18, 18, 41, 37, 675836, tzinfo=datetime.timezone.utc), status='PendingSubmit', message='', errorCode=0)], advancedError='')
2025-11-18 13:41:37,676 INFO \u2705 PLACED BUY ORDER for 1 shares: Trade(contract=Stock(conId=756733, symbol='SPY', exchange='SMART', primaryExchange='ARCA', currency='USD', localSymbol='SPY', tradingClass='SPY'), order=MarketOrder(orderId=12, clientId=1, action='BUY', totalQuantity=1), orderStatus=OrderStatus(orderId=12, status='PendingSubmit', filled=0.0, remaining=0.0, avgFillPrice=0.0, permId=0, parentId=0, lastFillPrice=0.0, clientId=0, whyHeld='', mktCapPrice=0.0), fills=[], log=[TradeLogEntry(time=datetime.datetime(2025, 11, 18, 18, 41, 37, 675836, tzinfo=datetime.timezone.utc), status='PendingSubmit', message='', errorCode=0)], advancedError='')
2025-11-18 13:42:40,187 INFO Fetched 360 bars from IB, latest: 359
2025-11-18 13:42:40,235 INFO Decision: SELL prob=0.471 price=664.31 (threshold=0.52)
2025-11-18 13:42:40,236 INFO Current position: 0 shares
2025-11-18 13:43:40,460 INFO Fetched 360 bars from IB, latest: 359
2025-11-18 13:43:40,542 INFO Decision: SELL prob=0.475 price=664.07 (threshold=0.52)
2025-11-18 13:43:40,543 INFO Current position: 0 shares
2025-11-18 13:44:40,771 INFO Fetched 360 bars from IB, latest: 359
2025-11-18 13:44:40,821 INFO Decision: BUY prob=0.654 price=663.30 (threshold=0.52)
2025-11-18 13:44:40,822 INFO Current position: 0 shares
2025-11-18 13:44:40,822 INFO placeOrder: New order Trade(contract=Stock(conId=756733, symbol='SPY', exchange='SMART', primaryExchange='ARCA', currency='USD', localSymbol='SPY', tradingClass='SPY'), order=MarketOrder(orderId=16, clientId=1, action='BUY', totalQuantity=1), orderStatus=OrderStatus(orderId=16, status='PendingSubmit', filled=0.0, remaining=0.0, avgFillPrice=0.0, permId=0, parentId=0, lastFillPrice=0.0, clientId=0, whyHeld='', mktCapPrice=0.0), fills=[], log=[TradeLogEntry(time=datetime.datetime(2025, 11, 18, 18, 44, 40, 822712, tzinfo=datetime.timezone.utc), status='PendingSubmit', message='', errorCode=0)], advancedError='')
2025-11-18 13:44:40,823 INFO \u2705 PLACED BUY ORDER for 1 shares: Trade(contract=Stock(conId=756733, symbol='SPY', exchange='SMART', primaryExchange='ARCA', currency='USD', localSymbol='SPY', tradingClass='SPY'), order=MarketOrder(orderId=16, clientId=1, action='BUY', totalQuantity=1), orderStatus=OrderStatus(orderId=16, status='PendingSubmit', filled=0.0, remaining=0.0, avgFillPrice=0.0, permId=0, parentId=0, lastFillPrice=0.0, clientId=0, whyHeld='', mktCapPrice=0.0), fills=[], log=[TradeLogEntry(time=datetime.datetime(2025, 11, 18, 18, 44, 40, 822712, tzinfo=datetime.timezone.utc), status='PendingSubmit', message='', errorCode=0)], advancedError='')
2025-11-18 13:45:43,062 INFO Fetched 361 bars from IB, latest: 360
2025-11-18 13:45:43,111 INFO Decision: SELL prob=0.409 price=664.10 (threshold=0.52)
2025-11-18 13:45:43,111 INFO Current position: 0 shares
2025-11-18 13:46:43,335 INFO Fetched 361 bars from IB, latest: 360
2025-11-18 13:46:43,381 INFO Decision: SELL prob=0.504 price=663.69 (threshold=0.52)
2025-11-18 13:46:43,382 INFO Current position: 0 shares
2025-11-18 13:47:43,628 INFO Fetched 361 bars from IB, latest: 360
2025-11-18 13:47:43,733 INFO Decision: SELL prob=0.421 price=664.15 (threshold=0.52)
2025-11-18 13:47:43,734 INFO Current position: 0 shares
2025-11-18 13:48:43,967 INFO Fetched 361 bars from IB, latest: 360
2025-11-18 13:48:44,027 INFO Decision: SELL prob=0.490 price=664.44 (threshold=0.52)
2025-11-18 13:48:44,028 INFO Current position: 0 shares
2025-11-18 13:49:44,262 INFO Fetched 361 bars from IB, latest: 360
2025-11-18 13:49:44,312 INFO Decision: SELL prob=0.454 price=664.36 (threshold=0.52)
2025-11-18 13:49:44,313 INFO Current position: 0 shares
2025-11-18 13:50:44,531 INFO Fetched 362 bars from IB, latest: 361
2025-11-18 13:50:44,590 INFO Decision: BUY prob=0.574 price=664.29 (threshold=0.52)
2025-11-18 13:50:44,590 INFO Current position: 0 shares
2025-11-18 13:50:44,593 INFO placeOrder: New order Trade(contract=Stock(conId=756733, symbol='SPY', exchange='SMART', primaryExchange='ARCA', currency='USD', localSymbol='SPY', tradingClass='SPY'), order=MarketOrder(orderId=23, clientId=1, action='BUY', totalQuantity=1), orderStatus=OrderStatus(orderId=23, status='PendingSubmit', filled=0.0, remaining=0.0, avgFillPrice=0.0, permId=0, parentId=0, lastFillPrice=0.0, clientId=0, whyHeld='', mktCapPrice=0.0), fills=[], log=[TradeLogEntry(time=datetime.datetime(2025, 11, 18, 18, 50, 44, 591706, tzinfo=datetime.timezone.utc), status='PendingSubmit', message='', errorCode=0)], advancedError='')
2025-11-18 13:50:44,593 INFO \u2705 PLACED BUY ORDER for 1 shares: Trade(contract=Stock(conId=756733, symbol='SPY', exchange='SMART', primaryExchange='ARCA', currency='USD', localSymbol='SPY', tradingClass='SPY'), order=MarketOrder(orderId=23, clientId=1, action='BUY', totalQuantity=1), orderStatus=OrderStatus(orderId=23, status='PendingSubmit', filled=0.0, remaining=0.0, avgFillPrice=0.0, permId=0, parentId=0, lastFillPrice=0.0, clientId=0, whyHeld='', mktCapPrice=0.0), fills=[], log=[TradeLogEntry(time=datetime.datetime(2025, 11, 18, 18, 50, 44, 591706, tzinfo=datetime.timezone.utc), status='PendingSubmit', message='', errorCode=0)], advancedError='')
2025-11-18 13:51:46,832 INFO Fetched 362 bars from IB, latest: 361
2025-11-18 13:51:46,881 INFO Decision: BUY prob=0.600 price=663.58 (threshold=0.52)
2025-11-18 13:51:46,881 INFO Current position: 0 shares
2025-11-18 13:51:46,882 INFO placeOrder: New order Trade(contract=Stock(conId=756733, symbol='SPY', exchange='SMART', primaryExchange='ARCA', currency='USD', localSymbol='SPY', tradingClass='SPY'), order=MarketOrder(orderId=25, clientId=1, action='BUY', totalQuantity=1), orderStatus=OrderStatus(orderId=25, status='PendingSubmit', filled=0.0, remaining=0.0, avgFillPrice=0.0, permId=0, parentId=0, lastFillPrice=0.0, clientId=0, whyHeld='', mktCapPrice=0.0), fills=[], log=[TradeLogEntry(time=datetime.datetime(2025, 11, 18, 18, 51, 46, 882414, tzinfo=datetime.timezone.utc), status='PendingSubmit', message='', errorCode=0)], advancedError='')
2025-11-18 13:51:46,883 INFO \u2705 PLACED BUY ORDER for 1 shares: Trade(contract=Stock(conId=756733, symbol='SPY', exchange='SMART', primaryExchange='ARCA', currency='USD', localSymbol='SPY', tradingClass='SPY'), order=MarketOrder(orderId=25, clientId=1, action='BUY', totalQuantity=1), orderStatus=OrderStatus(orderId=25, status='PendingSubmit', filled=0.0, remaining=0.0, avgFillPrice=0.0, permId=0, parentId=0, lastFillPrice=0.0, clientId=0, whyHeld='', mktCapPrice=0.0), fills=[], log=[TradeLogEntry(time=datetime.datetime(2025, 11, 18, 18, 51, 46, 882414, tzinfo=datetime.timezone.utc), status='PendingSubmit', message='', errorCode=0)], advancedError='')
2025-11-18 13:52:49,160 INFO Fetched 362 bars from IB, latest: 361
2025-11-18 13:52:49,210 INFO Decision: BUY prob=0.617 price=663.14 (threshold=0.52)
2025-11-18 13:52:49,210 INFO Current position: 0 shares
2025-11-18 13:52:49,212 INFO placeOrder: New order Trade(contract=Stock(conId=756733, symbol='SPY', exchange='SMART', primaryExchange='ARCA', currency='USD', localSymbol='SPY', tradingClass='SPY'), order=MarketOrder(orderId=27, clientId=1, action='BUY', totalQuantity=1), orderStatus=OrderStatus(orderId=27, status='PendingSubmit', filled=0.0, remaining=0.0, avgFillPrice=0.0, permId=0, parentId=0, lastFillPrice=0.0, clientId=0, whyHeld='', mktCapPrice=0.0), fills=[], log=[TradeLogEntry(time=datetime.datetime(2025, 11, 18, 18, 52, 49, 211454, tzinfo=datetime.timezone.utc), status='PendingSubmit', message='', errorCode=0)], advancedError='')
2025-11-18 13:52:49,213 INFO \u2705 PLACED BUY ORDER for 1 shares: Trade(contract=Stock(conId=756733, symbol='SPY', exchange='SMART', primaryExchange='ARCA', currency='USD', localSymbol='SPY', tradingClass='SPY'), order=MarketOrder(orderId=27, clientId=1, action='BUY', totalQuantity=1), orderStatus=OrderStatus(orderId=27, status='PendingSubmit', filled=0.0, remaining=0.0, avgFillPrice=0.0, permId=0, parentId=0, lastFillPrice=0.0, clientId=0, whyHeld='', mktCapPrice=0.0), fills=[], log=[TradeLogEntry(time=datetime.datetime(2025, 11, 18, 18, 52, 49, 211454, tzinfo=datetime.timezone.utc), status='PendingSubmit', message='', errorCode=0)], advancedError='')
2025-11-18 13:53:51,454 INFO Fetched 362 bars from IB, latest: 361
2025-11-18 13:53:51,509 INFO Decision: BUY prob=0.604 price=663.36 (threshold=0.52)
2025-11-18 13:53:51,509 INFO Current position: 0 shares
2025-11-18 13:53:51,510 INFO placeOrder: New order Trade(contract=Stock(conId=756733, symbol='SPY', exchange='SMART', primaryExchange='ARCA', currency='USD', localSymbol='SPY', tradingClass='SPY'), order=MarketOrder(orderId=29, clientId=1, action='BUY', totalQuantity=1), orderStatus=OrderStatus(orderId=29, status='PendingSubmit', filled=0.0, remaining=0.0, avgFillPrice=0.0, permId=0, parentId=0, lastFillPrice=0.0, clientId=0, whyHeld='', mktCapPrice=0.0), fills=[], log=[TradeLogEntry(time=datetime.datetime(2025, 11, 18, 18, 53, 51, 510342, tzinfo=datetime.timezone.utc), status='PendingSubmit', message='', errorCode=0)], advancedError='')
2025-11-18 13:53:51,510 INFO \u2705 PLACED BUY ORDER for 1 shares: Trade(contract=Stock(conId=756733, symbol='SPY', exchange='SMART', primaryExchange='ARCA', currency='USD', localSymbol='SPY', tradingClass='SPY'), order=MarketOrder(orderId=29, clientId=1, action='BUY', totalQuantity=1), orderStatus=OrderStatus(orderId=29, status='PendingSubmit', filled=0.0, remaining=0.0, avgFillPrice=0.0, permId=0, parentId=0, lastFillPrice=0.0, clientId=0, whyHeld='', mktCapPrice=0.0), fills=[], log=[TradeLogEntry(time=datetime.datetime(2025, 11, 18, 18, 53, 51, 510342, tzinfo=datetime.timezone.utc), status='PendingSubmit', message='', errorCode=0)], advancedError='')
2025-11-18 13:54:53,757 INFO Fetched 362 bars from IB, latest: 361
2025-11-18 13:54:53,819 INFO Decision: BUY prob=0.550 price=663.85 (threshold=0.52)
2025-11-18 13:54:53,819 INFO Current position: 0 shares
2025-11-18 13:54:53,821 INFO placeOrder: New order Trade(contract=Stock(conId=756733, symbol='SPY', exchange='SMART', primaryExchange='ARCA', currency='USD', localSymbol='SPY', tradingClass='SPY'), order=MarketOrder(orderId=31, clientId=1, action='BUY', totalQuantity=1), orderStatus=OrderStatus(orderId=31, status='PendingSubmit', filled=0.0, remaining=0.0, avgFillPrice=0.0, permId=0, parentId=0, lastFillPrice=0.0, clientId=0, whyHeld='', mktCapPrice=0.0), fills=[], log=[TradeLogEntry(time=datetime.datetime(2025, 11, 18, 18, 54, 53, 821221, tzinfo=datetime.timezone.utc), status='PendingSubmit', message='', errorCode=0)], advancedError='')
2025-11-18 13:54:53,822 INFO \u2705 PLACED BUY ORDER for 1 shares: Trade(contract=Stock(conId=756733, symbol='SPY', exchange='SMART', primaryExchange='ARCA', currency='USD', localSymbol='SPY', tradingClass='SPY'), order=MarketOrder(orderId=31, clientId=1, action='BUY', totalQuantity=1), orderStatus=OrderStatus(orderId=31, status='PendingSubmit', filled=0.0, remaining=0.0, avgFillPrice=0.0, permId=0, parentId=0, lastFillPrice=0.0, clientId=0, whyHeld='', mktCapPrice=0.0), fills=[], log=[TradeLogEntry(time=datetime.datetime(2025, 11, 18, 18, 54, 53, 821221, tzinfo=datetime.timezone.utc), status='PendingSubmit', message='', errorCode=0)], advancedError='')
2025-11-18 13:55:56,053 INFO Fetched 363 bars from IB, latest: 362
2025-11-18 13:55:56,111 INFO Decision: BUY prob=0.521 price=664.49 (threshold=0.52)
2025-11-18 13:55:56,111 INFO Current position: 0 shares
2025-11-18 13:55:56,112 INFO placeOrder: New order Trade(contract=Stock(conId=756733, symbol='SPY', exchange='SMART', primaryExchange='ARCA', currency='USD', localSymbol='SPY', tradingClass='SPY'), order=MarketOrder(orderId=33, clientId=1, action='BUY', totalQuantity=1), orderStatus=OrderStatus(orderId=33, status='PendingSubmit', filled=0.0, remaining=0.0, avgFillPrice=0.0, permId=0, parentId=0, lastFillPrice=0.0, clientId=0, whyHeld='', mktCapPrice=0.0), fills=[], log=[TradeLogEntry(time=datetime.datetime(2025, 11, 18, 18, 55, 56, 112366, tzinfo=datetime.timezone.utc), status='PendingSubmit', message='', errorCode=0)], advancedError='')
2025-11-18 13:55:56,113 INFO \u2705 PLACED BUY ORDER for 1 shares: Trade(contract=Stock(conId=756733, symbol='SPY', exchange='SMART', primaryExchange='ARCA', currency='USD', localSymbol='SPY', tradingClass='SPY'), order=MarketOrder(orderId=33, clientId=1, action='BUY', totalQuantity=1), orderStatus=OrderStatus(orderId=33, status='PendingSubmit', filled=0.0, remaining=0.0, avgFillPrice=0.0, permId=0, parentId=0, lastFillPrice=0.0, clientId=0, whyHeld='', mktCapPrice=0.0), fills=[], log=[TradeLogEntry(time=datetime.datetime(2025, 11, 18, 18, 55, 56, 112366, tzinfo=datetime.timezone.utc), status='PendingSubmit', message='', errorCode=0)], advancedError='')
2025-11-18 13:56:58,121 ERROR Error 10349, reqId 6: Order TIF was set to DAY based on order preset.
2025-11-18 13:56:58,124 WARNING Canceled order: Trade(contract=Stock(conId=756733, symbol='SPY', exchange='SMART', primaryExchange='ARCA', currency='USD', localSymbol='SPY', tradingClass='SPY'), order=MarketOrder(orderId=6, clientId=1, action='BUY', totalQuantity=1), orderStatus=OrderStatus(orderId=6, status='Cancelled', filled=0.0, remaining=0.0, avgFillPrice=0.0, permId=0, parentId=0, lastFillPrice=0.0, clientId=0, whyHeld='', mktCapPrice=0.0), fills=[], log=[TradeLogEntry(time=datetime.datetime(2025, 11, 18, 18, 36, 34, 271378, tzinfo=datetime.timezone.utc), status='PendingSubmit', message='', errorCode=0), TradeLogEntry(time=datetime.datetime(2025, 11, 18, 18, 56, 58, 118481, tzinfo=datetime.timezone.utc), status='Cancelled', message='Error 10349, reqId 6: Order TIF was set to DAY based on order preset.', errorCode=10349)], advancedError='')
2025-11-18 13:56:58,126 ERROR Error 10349, reqId 12: Order TIF was set to DAY based on order preset.
2025-11-18 13:56:58,127 WARNING Canceled order: Trade(contract=Stock(conId=756733, symbol='SPY', exchange='SMART', primaryExchange='ARCA', currency='USD', localSymbol='SPY', tradingClass='SPY'), order=MarketOrder(orderId=12, clientId=1, action='BUY', totalQuantity=1), orderStatus=OrderStatus(orderId=12, status='Cancelled', filled=0.0, remaining=0.0, avgFillPrice=0.0, permId=0, parentId=0, lastFillPrice=0.0, clientId=0, whyHeld='', mktCapPrice=0.0), fills=[], log=[TradeLogEntry(time=datetime.datetime(2025, 11, 18, 18, 41, 37, 675836, tzinfo=datetime.timezone.utc), status='PendingSubmit', message='', errorCode=0), TradeLogEntry(time=datetime.datetime(2025, 11, 18, 18, 56, 58, 126620, tzinfo=datetime.timezone.utc), status='Cancelled', message='Error 10349, reqId 12: Order TIF was set to DAY based on order preset.', errorCode=10349)], advancedError='')
2025-11-18 13:56:58,128 ERROR Error 10349, reqId 16: Order TIF was set to DAY based on order preset.
2025-11-18 13:56:58,129 WARNING Canceled order: Trade(contract=Stock(conId=756733, symbol='SPY', exchange='SMART', primaryExchange='ARCA', currency='USD', localSymbol='SPY', tradingClass='SPY'), order=MarketOrder(orderId=16, clientId=1, action='BUY', totalQuantity=1), orderStatus=OrderStatus(orderId=16, status='Cancelled', filled=0.0, remaining=0.0, avgFillPrice=0.0, permId=0, parentId=0, lastFillPrice=0.0, clientId=0, whyHeld='', mktCapPrice=0.0), fills=[], log=[TradeLogEntry(time=datetime.datetime(2025, 11, 18, 18, 44, 40, 822712, tzinfo=datetime.timezone.utc), status='PendingSubmit', message='', errorCode=0), TradeLogEntry(time=datetime.datetime(2025, 11, 18, 18, 56, 58, 126620, tzinfo=datetime.timezone.utc), status='Cancelled', message='Error 10349, reqId 16: Order TIF was set to DAY based on order preset.', errorCode=10349)], advancedError='')
2025-11-18 13:56:58,130 ERROR Error 10349, reqId 23: Order TIF was set to DAY based on order preset.
2025-11-18 13:56:58,130 WARNING Canceled order: Trade(contract=Stock(conId=756733, symbol='SPY', exchange='SMART', primaryExchange='ARCA', currency='USD', localSymbol='SPY', tradingClass='SPY'), order=MarketOrder(orderId=23, clientId=1, action='BUY', totalQuantity=1), orderStatus=OrderStatus(orderId=23, status='Cancelled', filled=0.0, remaining=0.0, avgFillPrice=0.0, permId=0, parentId=0, lastFillPrice=0.0, clientId=0, whyHeld='', mktCapPrice=0.0), fills=[], log=[TradeLogEntry(time=datetime.datetime(2025, 11, 18, 18, 50, 44, 591706, tzinfo=datetime.timezone.utc), status='PendingSubmit', message='', errorCode=0), TradeLogEntry(time=datetime.datetime(2025, 11, 18, 18, 56, 58, 126620, tzinfo=datetime.timezone.utc), status='Cancelled', message='Error 10349, reqId 23: Order TIF was set to DAY based on order preset.', errorCode=10349)], advancedError='')
2025-11-18 13:56:58,131 ERROR Error 10349, reqId 25: Order TIF was set to DAY based on order preset.
2025-11-18 13:56:58,131 WARNING Canceled order: Trade(contract=Stock(conId=756733, symbol='SPY', exchange='SMART', primaryExchange='ARCA', currency='USD', localSymbol='SPY', tradingClass='SPY'), order=MarketOrder(orderId=25, clientId=1, action='BUY', totalQuantity=1), orderStatus=OrderStatus(orderId=25, status='Cancelled', filled=0.0, remaining=0.0, avgFillPrice=0.0, permId=0, parentId=0, lastFillPrice=0.0, clientId=0, whyHeld='', mktCapPrice=0.0), fills=[], log=[TradeLogEntry(time=datetime.datetime(2025, 11, 18, 18, 51, 46, 882414, tzinfo=datetime.timezone.utc), status='PendingSubmit', message='', errorCode=0), TradeLogEntry(time=datetime.datetime(2025, 11, 18, 18, 56, 58, 126620, tzinfo=datetime.timezone.utc), status='Cancelled', message='Error 10349, reqId 25: Order TIF was set to DAY based on order preset.', errorCode=10349)], advancedError='')
2025-11-18 13:56:58,132 ERROR Error 10349, reqId 27: Order TIF was set to DAY based on order preset.
2025-11-18 13:56:58,132 WARNING Canceled order: Trade(contract=Stock(conId=756733, symbol='SPY', exchange='SMART', primaryExchange='ARCA', currency='USD', localSymbol='SPY', tradingClass='SPY'), order=MarketOrder(orderId=27, clientId=1, action='BUY', totalQuantity=1), orderStatus=OrderStatus(orderId=27, status='Cancelled', filled=0.0, remaining=0.0, avgFillPrice=0.0, permId=0, parentId=0, lastFillPrice=0.0, clientId=0, whyHeld='', mktCapPrice=0.0), fills=[], log=[TradeLogEntry(time=datetime.datetime(2025, 11, 18, 18, 52, 49, 211454, tzinfo=datetime.timezone.utc), status='PendingSubmit', message='', errorCode=0), TradeLogEntry(time=datetime.datetime(2025, 11, 18, 18, 56, 58, 126620, tzinfo=datetime.timezone.utc), status='Cancelled', message='Error 10349, reqId 27: Order TIF was set to DAY based on order preset.', errorCode=10349)], advancedError='')
2025-11-18 13:56:58,133 ERROR Error 10349, reqId 29: Order TIF was set to DAY based on order preset.
2025-11-18 13:56:58,133 WARNING Canceled order: Trade(contract=Stock(conId=756733, symbol='SPY', exchange='SMART', primaryExchange='ARCA', currency='USD', localSymbol='SPY', tradingClass='SPY'), order=MarketOrder(orderId=29, clientId=1, action='BUY', totalQuantity=1), orderStatus=OrderStatus(orderId=29, status='Cancelled', filled=0.0, remaining=0.0, avgFillPrice=0.0, permId=0, parentId=0, lastFillPrice=0.0, clientId=0, whyHeld='', mktCapPrice=0.0), fills=[], log=[TradeLogEntry(time=datetime.datetime(2025, 11, 18, 18, 53, 51, 510342, tzinfo=datetime.timezone.utc), status='PendingSubmit', message='', errorCode=0), TradeLogEntry(time=datetime.datetime(2025, 11, 18, 18, 56, 58, 126620, tzinfo=datetime.timezone.utc), status='Cancelled', message='Error 10349, reqId 29: Order TIF was set to DAY based on order preset.', errorCode=10349)], advancedError='')
2025-11-18 13:56:58,134 ERROR Error 10349, reqId 31: Order TIF was set to DAY based on order preset.
2025-11-18 13:56:58,135 WARNING Canceled order: Trade(contract=Stock(conId=756733, symbol='SPY', exchange='SMART', primaryExchange='ARCA', currency='USD', localSymbol='SPY', tradingClass='SPY'), order=MarketOrder(orderId=31, clientId=1, action='BUY', totalQuantity=1), orderStatus=OrderStatus(orderId=31, status='Cancelled', filled=0.0, remaining=0.0, avgFillPrice=0.0, permId=0, parentId=0, lastFillPrice=0.0, clientId=0, whyHeld='', mktCapPrice=0.0), fills=[], log=[TradeLogEntry(time=datetime.datetime(2025, 11, 18, 18, 54, 53, 821221, tzinfo=datetime.timezone.utc), status='PendingSubmit', message='', errorCode=0), TradeLogEntry(time=datetime.datetime(2025, 11, 18, 18, 56, 58, 126620, tzinfo=datetime.timezone.utc), status='Cancelled', message='Error 10349, reqId 31: Order TIF was set to DAY based on order preset.', errorCode=10349)], advancedError='')
2025-11-18 13:56:58,136 ERROR Error 10349, reqId 33: Order TIF was set to DAY based on order preset.
2025-11-18 13:56:58,136 WARNING Canceled order: Trade(contract=Stock(conId=756733, symbol='SPY', exchange='SMART', primaryExchange='ARCA', currency='USD', localSymbol='SPY', tradingClass='SPY'), order=MarketOrder(orderId=33, clientId=1, action='BUY', totalQuantity=1), orderStatus=OrderStatus(orderId=33, status='Cancelled', filled=0.0, remaining=0.0, avgFillPrice=0.0, permId=0, parentId=0, lastFillPrice=0.0, clientId=0, whyHeld='', mktCapPrice=0.0), fills=[], log=[TradeLogEntry(time=datetime.datetime(2025, 11, 18, 18, 55, 56, 112366, tzinfo=datetime.timezone.utc), status='PendingSubmit', message='', errorCode=0), TradeLogEntry(time=datetime.datetime(2025, 11, 18, 18, 56, 58, 126620, tzinfo=datetime.timezone.utc), status='Cancelled', message='Error 10349, reqId 33: Order TIF was set to DAY based on order preset.', errorCode=10349)], advancedError='')
2025-11-18 13:56:58,163 INFO orderStatus: Trade(contract=Stock(conId=756733, symbol='SPY', exchange='SMART', primaryExchange='ARCA', currency='USD', localSymbol='SPY', tradingClass='SPY'), order=MarketOrder(orderId=6, clientId=1, permId=75279213, action='BUY', totalQuantity=1.0, lmtPrice=663.51, auxPrice=0.0), orderStatus=OrderStatus(orderId=6, status='PreSubmitted', filled=0.0, remaining=1.0, avgFillPrice=0.0, permId=75279213, parentId=0, lastFillPrice=0.0, clientId=1, whyHeld='', mktCapPrice=0.0), fills=[], log=[TradeLogEntry(time=datetime.datetime(2025, 11, 18, 18, 36, 34, 271378, tzinfo=datetime.timezone.utc), status='PendingSubmit', message='', errorCode=0), TradeLogEntry(time=datetime.datetime(2025, 11, 18, 18, 56, 58, 118481, tzinfo=datetime.timezone.utc), status='Cancelled', message='Error 10349, reqId 6: Order TIF was set to DAY based on order preset.', errorCode=10349), TradeLogEntry(time=datetime.datetime(2025, 11, 18, 18, 56, 58, 126620, tzinfo=datetime.timezone.utc), status='PreSubmitted', message='', errorCode=0)], advancedError='')
2025-11-18 13:56:58,171 INFO position: Position(account='DUO156311', contract=Stock(conId=756733, symbol='SPY', exchange='ARCA', currency='USD', localSymbol='SPY', tradingClass='SPY'), position=1.0, avgCost=664.96)
2025-11-18 13:56:58,178 INFO execDetails Execution(execId='00012ec5.691ce964.01.01', time=datetime.datetime(2025, 11, 18, 23, 56, 34, tzinfo=datetime.timezone.utc), acctNumber='DUO156311', exchange='BYX', side='BOT', shares=1.0, price=664.96, permId=75279213, clientId=1, orderId=6, liquidation=0, cumQty=1.0, avgPrice=664.96, orderRef='', evRule='', evMultiplier=0.0, modelCode='', lastLiquidity=2)
2025-11-18 13:56:58,180 INFO execDetails: Fill(contract=Stock(conId=756733, symbol='SPY', exchange='SMART', primaryExchange='ARCA', currency='USD', localSymbol='SPY', tradingClass='SPY'), execution=Execution(execId='00012ec5.691ce964.01.01', time=datetime.datetime(2025, 11, 18, 23, 56, 34, tzinfo=datetime.timezone.utc), acctNumber='DUO156311', exchange='BYX', side='BOT', shares=1.0, price=664.96, permId=75279213, clientId=1, orderId=6, liquidation=0, cumQty=1.0, avgPrice=664.96, orderRef='', evRule='', evMultiplier=0.0, modelCode='', lastLiquidity=2), commissionReport=CommissionReport(execId='', commission=0.0, currency='', realizedPNL=0.0, yield_=0.0, yieldRedemptionDate=0), time=datetime.datetime(2025, 11, 18, 18, 56, 58, 126620, tzinfo=datetime.timezone.utc))
2025-11-18 13:56:58,182 INFO orderStatus: Trade(contract=Stock(conId=756733, symbol='SPY', exchange='SMART', primaryExchange='ARCA', currency='USD', localSymbol='SPY', tradingClass='SPY'), order=MarketOrder(orderId=6, clientId=1, permId=75279213, action='BUY', totalQuantity=1.0, lmtPrice=663.51, auxPrice=0.0), orderStatus=OrderStatus(orderId=6, status='Filled', filled=1.0, remaining=0.0, avgFillPrice=664.96, permId=75279213, parentId=0, lastFillPrice=664.96, clientId=1, whyHeld='', mktCapPrice=0.0), fills=[Fill(contract=Stock(conId=756733, symbol='SPY', exchange='SMART', primaryExchange='ARCA', currency='USD', localSymbol='SPY', tradingClass='SPY'), execution=Execution(execId='00012ec5.691ce964.01.01', time=datetime.datetime(2025, 11, 18, 23, 56, 34, tzinfo=datetime.timezone.utc), acctNumber='DUO156311', exchange='BYX', side='BOT', shares=1.0, price=664.96, permId=75279213, clientId=1, orderId=6, liquidation=0, cumQty=1.0, avgPrice=664.96, orderRef='', evRule='', evMultiplier=0.0, modelCode='', lastLiquidity=2), commissionReport=CommissionReport(execId='', commission=0.0, currency='', realizedPNL=0.0, yield_=0.0, yieldRedemptionDate=0), time=datetime.datetime(2025, 11, 18, 18, 56, 58, 126620, tzinfo=datetime.timezone.utc))], log=[TradeLogEntry(time=datetime.datetime(2025, 11, 18, 18, 36, 34, 271378, tzinfo=datetime.timezone.utc), status='PendingSubmit', message='', errorCode=0), TradeLogEntry(time=datetime.datetime(2025, 11, 18, 18, 56, 58, 118481, tzinfo=datetime.timezone.utc), status='Cancelled', message='Error 10349, reqId 6: Order TIF was set to DAY based on order preset.', errorCode=10349), TradeLogEntry(time=datetime.datetime(2025, 11, 18, 18, 56, 58, 126620, tzinfo=datetime.timezone.utc), status='PreSubmitted', message='', errorCode=0), TradeLogEntry(time=datetime.datetime(2025, 11, 18, 18, 56, 58, 126620, tzinfo=datetime.timezone.utc), status='PreSubmitted', message='Fill 1.0@664.96', errorCode=0), TradeLogEntry(time=datetime.datetime(2025, 11, 18, 18, 56, 58, 126620, tzinfo=datetime.timezone.utc), status='Filled', message='', errorCode=0)], advancedError='')
2025-11-18 13:56:58,187 INFO commissionReport: CommissionReport(execId='00012ec5.691ce964.01.01', commission=1.000022, currency='USD', realizedPNL=0.0, yield_=0.0, yieldRedemptionDate=0)
2025-11-18 13:56:58,188 INFO position: Position(account='DUO156311', contract=Stock(conId=756733, symbol='SPY', exchange='ARCA', currency='USD', localSymbol='SPY', tradingClass='SPY'), position=1.0, avgCost=665.960022)
2025-11-18 13:56:58,188 INFO orderStatus: Trade(contract=Stock(conId=756733, symbol='SPY', exchange='SMART', primaryExchange='ARCA', currency='USD', localSymbol='SPY', tradingClass='SPY'), order=MarketOrder(orderId=12, clientId=1, permId=75279214, action='BUY', totalQuantity=1.0, lmtPrice=663.51, auxPrice=0.0), orderStatus=OrderStatus(orderId=12, status='PreSubmitted', filled=0.0, remaining=1.0, avgFillPrice=0.0, permId=75279214, parentId=0, lastFillPrice=0.0, clientId=1, whyHeld='', mktCapPrice=0.0), fills=[], log=[TradeLogEntry(time=datetime.datetime(2025, 11, 18, 18, 41, 37, 675836, tzinfo=datetime.timezone.utc), status='PendingSubmit', message='', errorCode=0), TradeLogEntry(time=datetime.datetime(2025, 11, 18, 18, 56, 58, 126620, tzinfo=datetime.timezone.utc), status='Cancelled', message='Error 10349, reqId 12: Order TIF was set to DAY based on order preset.', errorCode=10349), TradeLogEntry(time=datetime.datetime(2025, 11, 18, 18, 56, 58, 126620, tzinfo=datetime.timezone.utc), status='PreSubmitted', message='', errorCode=0)], advancedError='')
2025-11-18 13:56:58,191 INFO orderStatus: Trade(contract=Stock(conId=756733, symbol='SPY', exchange='SMART', primaryExchange='ARCA', currency='USD', localSymbol='SPY', tradingClass='SPY'), order=MarketOrder(orderId=16, clientId=1, permId=75279215, action='BUY', totalQuantity=1.0, lmtPrice=663.51, auxPrice=0.0), orderStatus=OrderStatus(orderId=16, status='PreSubmitted', filled=0.0, remaining=1.0, avgFillPrice=0.0, permId=75279215, parentId=0, lastFillPrice=0.0, clientId=1, whyHeld='', mktCapPrice=0.0), fills=[], log=[TradeLogEntry(time=datetime.datetime(2025, 11, 18, 18, 44, 40, 822712, tzinfo=datetime.timezone.utc), status='PendingSubmit', message='', errorCode=0), TradeLogEntry(time=datetime.datetime(2025, 11, 18, 18, 56, 58, 126620, tzinfo=datetime.timezone.utc), status='Cancelled', message='Error 10349, reqId 16: Order TIF was set to DAY based on order preset.', errorCode=10349), TradeLogEntry(time=datetime.datetime(2025, 11, 18, 18, 56, 58, 126620, tzinfo=datetime.timezone.utc), status='PreSubmitted', message='', errorCode=0)], advancedError='')
2025-11-18 13:56:58,192 INFO orderStatus: Trade(contract=Stock(conId=756733, symbol='SPY', exchange='SMART', primaryExchange='ARCA', currency='USD', localSymbol='SPY', tradingClass='SPY'), order=MarketOrder(orderId=23, clientId=1, permId=75279216, action='BUY', totalQuantity=1.0, lmtPrice=663.51, auxPrice=0.0), orderStatus=OrderStatus(orderId=23, status='PreSubmitted', filled=0.0, remaining=1.0, avgFillPrice=0.0, permId=75279216, parentId=0, lastFillPrice=0.0, clientId=1, whyHeld='', mktCapPrice=0.0), fills=[], log=[TradeLogEntry(time=datetime.datetime(2025, 11, 18, 18, 50, 44, 591706, tzinfo=datetime.timezone.utc), status='PendingSubmit', message='', errorCode=0), TradeLogEntry(time=datetime.datetime(2025, 11, 18, 18, 56, 58, 126620, tzinfo=datetime.timezone.utc), status='Cancelled', message='Error 10349, reqId 23: Order TIF was set to DAY based on order preset.', errorCode=10349), TradeLogEntry(time=datetime.datetime(2025, 11, 18, 18, 56, 58, 126620, tzinfo=datetime.timezone.utc), status='PreSubmitted', message='', errorCode=0)], advancedError='')
2025-11-18 13:56:58,194 INFO orderStatus: Trade(contract=Stock(conId=756733, symbol='SPY', exchange='SMART', primaryExchange='ARCA', currency='USD', localSymbol='SPY', tradingClass='SPY'), order=MarketOrder(orderId=25, clientId=1, permId=75279217, action='BUY', totalQuantity=1.0, lmtPrice=663.51, auxPrice=0.0), orderStatus=OrderStatus(orderId=25, status='PreSubmitted', filled=0.0, remaining=1.0, avgFillPrice=0.0, permId=75279217, parentId=0, lastFillPrice=0.0, clientId=1, whyHeld='', mktCapPrice=0.0), fills=[], log=[TradeLogEntry(time=datetime.datetime(2025, 11, 18, 18, 51, 46, 882414, tzinfo=datetime.timezone.utc), status='PendingSubmit', message='', errorCode=0), TradeLogEntry(time=datetime.datetime(2025, 11, 18, 18, 56, 58, 126620, tzinfo=datetime.timezone.utc), status='Cancelled', message='Error 10349, reqId 25: Order TIF was set to DAY based on order preset.', errorCode=10349), TradeLogEntry(time=datetime.datetime(2025, 11, 18, 18, 56, 58, 126620, tzinfo=datetime.timezone.utc), status='PreSubmitted', message='', errorCode=0)], advancedError='')
2025-11-18 13:56:58,196 INFO orderStatus: Trade(contract=Stock(conId=756733, symbol='SPY', exchange='SMART', primaryExchange='ARCA', currency='USD', localSymbol='SPY', tradingClass='SPY'), order=MarketOrder(orderId=27, clientId=1, permId=75279218, action='BUY', totalQuantity=1.0, lmtPrice=663.51, auxPrice=0.0), orderStatus=OrderStatus(orderId=27, status='PreSubmitted', filled=0.0, remaining=1.0, avgFillPrice=0.0, permId=75279218, parentId=0, lastFillPrice=0.0, clientId=1, whyHeld='', mktCapPrice=0.0), fills=[], log=[TradeLogEntry(time=datetime.datetime(2025, 11, 18, 18, 52, 49, 211454, tzinfo=datetime.timezone.utc), status='PendingSubmit', message='', errorCode=0), TradeLogEntry(time=datetime.datetime(2025, 11, 18, 18, 56, 58, 126620, tzinfo=datetime.timezone.utc), status='Cancelled', message='Error 10349, reqId 27: Order TIF was set to DAY based on order preset.', errorCode=10349), TradeLogEntry(time=datetime.datetime(2025, 11, 18, 18, 56, 58, 126620, tzinfo=datetime.timezone.utc), status='PreSubmitted', message='', errorCode=0)], advancedError='')
2025-11-18 13:56:58,198 INFO orderStatus: Trade(contract=Stock(conId=756733, symbol='SPY', exchange='SMART', primaryExchange='ARCA', currency='USD', localSymbol='SPY', tradingClass='SPY'), order=MarketOrder(orderId=29, clientId=1, permId=75279219, action='BUY', totalQuantity=1.0, lmtPrice=663.51, auxPrice=0.0), orderStatus=OrderStatus(orderId=29, status='PreSubmitted', filled=0.0, remaining=1.0, avgFillPrice=0.0, permId=75279219, parentId=0, lastFillPrice=0.0, clientId=1, whyHeld='', mktCapPrice=0.0), fills=[], log=[TradeLogEntry(time=datetime.datetime(2025, 11, 18, 18, 53, 51, 510342, tzinfo=datetime.timezone.utc), status='PendingSubmit', message='', errorCode=0), TradeLogEntry(time=datetime.datetime(2025, 11, 18, 18, 56, 58, 126620, tzinfo=datetime.timezone.utc), status='Cancelled', message='Error 10349, reqId 29: Order TIF was set to DAY based on order preset.', errorCode=10349), TradeLogEntry(time=datetime.datetime(2025, 11, 18, 18, 56, 58, 126620, tzinfo=datetime.timezone.utc), status='PreSubmitted', message='', errorCode=0)], advancedError='')
2025-11-18 13:56:58,199 INFO orderStatus: Trade(contract=Stock(conId=756733, symbol='SPY', exchange='SMART', primaryExchange='ARCA', currency='USD', localSymbol='SPY', tradingClass='SPY'), order=MarketOrder(orderId=31, clientId=1, permId=75279220, action='BUY', totalQuantity=1.0, lmtPrice=663.51, auxPrice=0.0), orderStatus=OrderStatus(orderId=31, status='PreSubmitted', filled=0.0, remaining=1.0, avgFillPrice=0.0, permId=75279220, parentId=0, lastFillPrice=0.0, clientId=1, whyHeld='', mktCapPrice=0.0), fills=[], log=[TradeLogEntry(time=datetime.datetime(2025, 11, 18, 18, 54, 53, 821221, tzinfo=datetime.timezone.utc), status='PendingSubmit', message='', errorCode=0), TradeLogEntry(time=datetime.datetime(2025, 11, 18, 18, 56, 58, 126620, tzinfo=datetime.timezone.utc), status='Cancelled', message='Error 10349, reqId 31: Order TIF was set to DAY based on order preset.', errorCode=10349), TradeLogEntry(time=datetime.datetime(2025, 11, 18, 18, 56, 58, 126620, tzinfo=datetime.timezone.utc), status='PreSubmitted', message='', errorCode=0)], advancedError='')
2025-11-18 13:56:58,201 INFO orderStatus: Trade(contract=Stock(conId=756733, symbol='SPY', exchange='SMART', primaryExchange='ARCA', currency='USD', localSymbol='SPY', tradingClass='SPY'), order=MarketOrder(orderId=33, clientId=1, permId=75279221, action='BUY', totalQuantity=1.0, lmtPrice=663.51, auxPrice=0.0), orderStatus=OrderStatus(orderId=33, status='PreSubmitted', filled=0.0, remaining=1.0, avgFillPrice=0.0, permId=75279221, parentId=0, lastFillPrice=0.0, clientId=1, whyHeld='', mktCapPrice=0.0), fills=[], log=[TradeLogEntry(time=datetime.datetime(2025, 11, 18, 18, 55, 56, 112366, tzinfo=datetime.timezone.utc), status='PendingSubmit', message='', errorCode=0), TradeLogEntry(time=datetime.datetime(2025, 11, 18, 18, 56, 58, 126620, tzinfo=datetime.timezone.utc), status='Cancelled', message='Error 10349, reqId 33: Order TIF was set to DAY based on order preset.', errorCode=10349), TradeLogEntry(time=datetime.datetime(2025, 11, 18, 18, 56, 58, 126620, tzinfo=datetime.timezone.utc), status='PreSubmitted', message='', errorCode=0)], advancedError='')
2025-11-18 13:56:58,206 INFO position: Position(account='DUO156311', contract=Stock(conId=756733, symbol='SPY', exchange='ARCA', currency='USD', localSymbol='SPY', tradingClass='SPY'), position=2.0, avgCost=665.460011)
2025-11-18 13:56:58,207 INFO execDetails Execution(execId='00012ec5.691ce965.01.01', time=datetime.datetime(2025, 11, 18, 23, 56, 34, tzinfo=datetime.timezone.utc), acctNumber='DUO156311', exchange='BYX', side='BOT', shares=1.0, price=664.96, permId=75279214, clientId=1, orderId=12, liquidation=0, cumQty=1.0, avgPrice=664.96, orderRef='', evRule='', evMultiplier=0.0, modelCode='', lastLiquidity=2)
2025-11-18 13:56:58,208 INFO execDetails: Fill(contract=Stock(conId=756733, symbol='SPY', exchange='SMART', primaryExchange='ARCA', currency='USD', localSymbol='SPY', tradingClass='SPY'), execution=Execution(execId='00012ec5.691ce965.01.01', time=datetime.datetime(2025, 11, 18, 23, 56, 34, tzinfo=datetime.timezone.utc), acctNumber='DUO156311', exchange='BYX', side='BOT', shares=1.0, price=664.96, permId=75279214, clientId=1, orderId=12, liquidation=0, cumQty=1.0, avgPrice=664.96, orderRef='', evRule='', evMultiplier=0.0, modelCode='', lastLiquidity=2), commissionReport=CommissionReport(execId='', commission=0.0, currency='', realizedPNL=0.0, yield_=0.0, yieldRedemptionDate=0), time=datetime.datetime(2025, 11, 18, 18, 56, 58, 126620, tzinfo=datetime.timezone.utc))
2025-11-18 13:56:58,209 INFO orderStatus: Trade(contract=Stock(conId=756733, symbol='SPY', exchange='SMART', primaryExchange='ARCA', currency='USD', localSymbol='SPY', tradingClass='SPY'), order=MarketOrder(orderId=12, clientId=1, permId=75279214, action='BUY', totalQuantity=1.0, lmtPrice=663.51, auxPrice=0.0), orderStatus=OrderStatus(orderId=12, status='Filled', filled=1.0, remaining=0.0, avgFillPrice=664.96, permId=75279214, parentId=0, lastFillPrice=664.96, clientId=1, whyHeld='', mktCapPrice=0.0), fills=[Fill(contract=Stock(conId=756733, symbol='SPY', exchange='SMART', primaryExchange='ARCA', currency='USD', localSymbol='SPY', tradingClass='SPY'), execution=Execution(execId='00012ec5.691ce965.01.01', time=datetime.datetime(2025, 11, 18, 23, 56, 34, tzinfo=datetime.timezone.utc), acctNumber='DUO156311', exchange='BYX', side='BOT', shares=1.0, price=664.96, permId=75279214, clientId=1, orderId=12, liquidation=0, cumQty=1.0, avgPrice=664.96, orderRef='', evRule='', evMultiplier=0.0, modelCode='', lastLiquidity=2), commissionReport=CommissionReport(execId='', commission=0.0, currency='', realizedPNL=0.0, yield_=0.0, yieldRedemptionDate=0), time=datetime.datetime(2025, 11, 18, 18, 56, 58, 126620, tzinfo=datetime.timezone.utc))], log=[TradeLogEntry(time=datetime.datetime(2025, 11, 18, 18, 41, 37, 675836, tzinfo=datetime.timezone.utc), status='PendingSubmit', message='', errorCode=0), TradeLogEntry(time=datetime.datetime(2025, 11, 18, 18, 56, 58, 126620, tzinfo=datetime.timezone.utc), status='Cancelled', message='Error 10349, reqId 12: Order TIF was set to DAY based on order preset.', errorCode=10349), TradeLogEntry(time=datetime.datetime(2025, 11, 18, 18, 56, 58, 126620, tzinfo=datetime.timezone.utc), status='PreSubmitted', message='', errorCode=0), TradeLogEntry(time=datetime.datetime(2025, 11, 18, 18, 56, 58, 126620, tzinfo=datetime.timezone.utc), status='PreSubmitted', message='Fill 1.0@664.96', errorCode=0), TradeLogEntry(time=datetime.datetime(2025, 11, 18, 18, 56, 58, 126620, tzinfo=datetime.timezone.utc), status='Filled', message='', errorCode=0)], advancedError='')
2025-11-18 13:56:58,211 INFO commissionReport: CommissionReport(execId='00012ec5.691ce965.01.01', commission=1.000022, currency='USD', realizedPNL=0.0, yield_=0.0, yieldRedemptionDate=0)
2025-11-18 13:56:58,212 INFO position: Position(account='DUO156311', contract=Stock(conId=756733, symbol='SPY', exchange='ARCA', currency='USD', localSymbol='SPY', tradingClass='SPY'), position=2.0, avgCost=665.960022)
2025-11-18 13:56:58,213 INFO position: Position(account='DUO156311', contract=Stock(conId=756733, symbol='SPY', exchange='ARCA', currency='USD', localSymbol='SPY', tradingClass='SPY'), position=3.0, avgCost=665.6266813333333)
2025-11-18 13:56:58,213 INFO execDetails Execution(execId='00012ec5.691ce966.01.01', time=datetime.datetime(2025, 11, 18, 23, 56, 34, tzinfo=datetime.timezone.utc), acctNumber='DUO156311', exchange='BYX', side='BOT', shares=1.0, price=664.96, permId=75279215, clientId=1, orderId=16, liquidation=0, cumQty=1.0, avgPrice=664.96, orderRef='', evRule='', evMultiplier=0.0, modelCode='', lastLiquidity=2)
2025-11-18 13:56:58,214 INFO execDetails: Fill(contract=Stock(conId=756733, symbol='SPY', exchange='SMART', primaryExchange='ARCA', currency='USD', localSymbol='SPY', tradingClass='SPY'), execution=Execution(execId='00012ec5.691ce966.01.01', time=datetime.datetime(2025, 11, 18, 23, 56, 34, tzinfo=datetime.timezone.utc), acctNumber='DUO156311', exchange='BYX', side='BOT', shares=1.0, price=664.96, permId=75279215, clientId=1, orderId=16, liquidation=0, cumQty=1.0, avgPrice=664.96, orderRef='', evRule='', evMultiplier=0.0, modelCode='', lastLiquidity=2), commissionReport=CommissionReport(execId='', commission=0.0, currency='', realizedPNL=0.0, yield_=0.0, yieldRedemptionDate=0), time=datetime.datetime(2025, 11, 18, 18, 56, 58, 126620, tzinfo=datetime.timezone.utc))
2025-11-18 13:56:58,215 INFO orderStatus: Trade(contract=Stock(conId=756733, symbol='SPY', exchange='SMART', primaryExchange='ARCA', currency='USD', localSymbol='SPY', tradingClass='SPY'), order=MarketOrder(orderId=16, clientId=1, permId=75279215, action='BUY', totalQuantity=1.0, lmtPrice=0.0, auxPrice=0.0), orderStatus=OrderStatus(orderId=16, status='Filled', filled=1.0, remaining=0.0, avgFillPrice=664.96, permId=75279215, parentId=0, lastFillPrice=664.96, clientId=1, whyHeld='', mktCapPrice=0.0), fills=[Fill(contract=Stock(conId=756733, symbol='SPY', exchange='SMART', primaryExchange='ARCA', currency='USD', localSymbol='SPY', tradingClass='SPY'), execution=Execution(execId='00012ec5.691ce966.01.01', time=datetime.datetime(2025, 11, 18, 23, 56, 34, tzinfo=datetime.timezone.utc), acctNumber='DUO156311', exchange='BYX', side='BOT', shares=1.0, price=664.96, permId=75279215, clientId=1, orderId=16, liquidation=0, cumQty=1.0, avgPrice=664.96, orderRef='', evRule='', evMultiplier=0.0, modelCode='', lastLiquidity=2), commissionReport=CommissionReport(execId='', commission=0.0, currency='', realizedPNL=0.0, yield_=0.0, yieldRedemptionDate=0), time=datetime.datetime(2025, 11, 18, 18, 56, 58, 126620, tzinfo=datetime.timezone.utc))], log=[TradeLogEntry(time=datetime.datetime(2025, 11, 18, 18, 44, 40, 822712, tzinfo=datetime.timezone.utc), status='PendingSubmit', message='', errorCode=0), TradeLogEntry(time=datetime.datetime(2025, 11, 18, 18, 56, 58, 126620, tzinfo=datetime.timezone.utc), status='Cancelled', message='Error 10349, reqId 16: Order TIF was set to DAY based on order preset.', errorCode=10349), TradeLogEntry(time=datetime.datetime(2025, 11, 18, 18, 56, 58, 126620, tzinfo=datetime.timezone.utc), status='PreSubmitted', message='', errorCode=0), TradeLogEntry(time=datetime.datetime(2025, 11, 18, 18, 56, 58, 126620, tzinfo=datetime.timezone.utc), status='PreSubmitted', message='Fill 1.0@664.96', errorCode=0), TradeLogEntry(time=datetime.datetime(2025, 11, 18, 18, 56, 58, 126620, tzinfo=datetime.timezone.utc), status='Filled', message='', errorCode=0)], advancedError='')
2025-11-18 13:56:58,222 INFO commissionReport: CommissionReport(execId='00012ec5.691ce966.01.01', commission=1.000022, currency='USD', realizedPNL=0.0, yield_=0.0, yieldRedemptionDate=0)
2025-11-18 13:56:58,222 INFO position: Position(account='DUO156311', contract=Stock(conId=756733, symbol='SPY', exchange='ARCA', currency='USD', localSymbol='SPY', tradingClass='SPY'), position=3.0, avgCost=665.960022)
2025-11-18 13:56:58,223 INFO position: Position(account='DUO156311', contract=Stock(conId=756733, symbol='SPY', exchange='ARCA', currency='USD', localSymbol='SPY', tradingClass='SPY'), position=4.0, avgCost=665.7100165)
2025-11-18 13:56:58,223 INFO execDetails Execution(execId='00012ec5.691ce967.01.01', time=datetime.datetime(2025, 11, 18, 23, 56, 34, tzinfo=datetime.timezone.utc), acctNumber='DUO156311', exchange='BYX', side='BOT', shares=1.0, price=664.96, permId=75279216, clientId=1, orderId=23, liquidation=0, cumQty=1.0, avgPrice=664.96, orderRef='', evRule='', evMultiplier=0.0, modelCode='', lastLiquidity=2)
2025-11-18 13:56:58,224 INFO execDetails: Fill(contract=Stock(conId=756733, symbol='SPY', exchange='SMART', primaryExchange='ARCA', currency='USD', localSymbol='SPY', tradingClass='SPY'), execution=Execution(execId='00012ec5.691ce967.01.01', time=datetime.datetime(2025, 11, 18, 23, 56, 34, tzinfo=datetime.timezone.utc), acctNumber='DUO156311', exchange='BYX', side='BOT', shares=1.0, price=664.96, permId=75279216, clientId=1, orderId=23, liquidation=0, cumQty=1.0, avgPrice=664.96, orderRef='', evRule='', evMultiplier=0.0, modelCode='', lastLiquidity=2), commissionReport=CommissionReport(execId='', commission=0.0, currency='', realizedPNL=0.0, yield_=0.0, yieldRedemptionDate=0), time=datetime.datetime(2025, 11, 18, 18, 56, 58, 126620, tzinfo=datetime.timezone.utc))
2025-11-18 13:56:58,224 INFO orderStatus: Trade(contract=Stock(conId=756733, symbol='SPY', exchange='SMART', primaryExchange='ARCA', currency='USD', localSymbol='SPY', tradingClass='SPY'), order=MarketOrder(orderId=23, clientId=1, permId=75279216, action='BUY', totalQuantity=1.0, lmtPrice=0.0, auxPrice=0.0), orderStatus=OrderStatus(orderId=23, status='Filled', filled=1.0, remaining=0.0, avgFillPrice=664.96, permId=75279216, parentId=0, lastFillPrice=664.96, clientId=1, whyHeld='', mktCapPrice=0.0), fills=[Fill(contract=Stock(conId=756733, symbol='SPY', exchange='SMART', primaryExchange='ARCA', currency='USD', localSymbol='SPY', tradingClass='SPY'), execution=Execution(execId='00012ec5.691ce967.01.01', time=datetime.datetime(2025, 11, 18, 23, 56, 34, tzinfo=datetime.timezone.utc), acctNumber='DUO156311', exchange='BYX', side='BOT', shares=1.0, price=664.96, permId=75279216, clientId=1, orderId=23, liquidation=0, cumQty=1.0, avgPrice=664.96, orderRef='', evRule='', evMultiplier=0.0, modelCode='', lastLiquidity=2), commissionReport=CommissionReport(execId='', commission=0.0, currency='', realizedPNL=0.0, yield_=0.0, yieldRedemptionDate=0), time=datetime.datetime(2025, 11, 18, 18, 56, 58, 126620, tzinfo=datetime.timezone.utc))], log=[TradeLogEntry(time=datetime.datetime(2025, 11, 18, 18, 50, 44, 591706, tzinfo=datetime.timezone.utc), status='PendingSubmit', message='', errorCode=0), TradeLogEntry(time=datetime.datetime(2025, 11, 18, 18, 56, 58, 126620, tzinfo=datetime.timezone.utc), status='Cancelled', message='Error 10349, reqId 23: Order TIF was set to DAY based on order preset.', errorCode=10349), TradeLogEntry(time=datetime.datetime(2025, 11, 18, 18, 56, 58, 126620, tzinfo=datetime.timezone.utc), status='PreSubmitted', message='', errorCode=0), TradeLogEntry(time=datetime.datetime(2025, 11, 18, 18, 56, 58, 126620, tzinfo=datetime.timezone.utc), status='PreSubmitted', message='Fill 1.0@664.96', errorCode=0), TradeLogEntry(time=datetime.datetime(2025, 11, 18, 18, 56, 58, 126620, tzinfo=datetime.timezone.utc), status='Filled', message='', errorCode=0)], advancedError='')
2025-11-18 13:56:58,225 INFO commissionReport: CommissionReport(execId='00012ec5.691ce967.01.01', commission=1.000022, currency='USD', realizedPNL=0.0, yield_=0.0, yieldRedemptionDate=0)
2025-11-18 13:56:58,226 INFO position: Position(account='DUO156311', contract=Stock(conId=756733, symbol='SPY', exchange='ARCA', currency='USD', localSymbol='SPY', tradingClass='SPY'), position=4.0, avgCost=665.9600220000001)
2025-11-18 13:56:58,246 INFO position: Position(account='DUO156311', contract=Stock(conId=756733, symbol='SPY', exchange='ARCA', currency='USD', localSymbol='SPY', tradingClass='SPY'), position=5.0, avgCost=665.7600176000001)
2025-11-18 13:56:58,247 INFO execDetails Execution(execId='00012ec5.691ce968.01.01', time=datetime.datetime(2025, 11, 18, 23, 56, 35, tzinfo=datetime.timezone.utc), acctNumber='DUO156311', exchange='BYX', side='BOT', shares=1.0, price=664.96, permId=75279217, clientId=1, orderId=25, liquidation=0, cumQty=1.0, avgPrice=664.96, orderRef='', evRule='', evMultiplier=0.0, modelCode='', lastLiquidity=2)
2025-11-18 13:56:58,249 INFO execDetails: Fill(contract=Stock(conId=756733, symbol='SPY', exchange='SMART', primaryExchange='ARCA', currency='USD', localSymbol='SPY', tradingClass='SPY'), execution=Execution(execId='00012ec5.691ce968.01.01', time=datetime.datetime(2025, 11, 18, 23, 56, 35, tzinfo=datetime.timezone.utc), acctNumber='DUO156311', exchange='BYX', side='BOT', shares=1.0, price=664.96, permId=75279217, clientId=1, orderId=25, liquidation=0, cumQty=1.0, avgPrice=664.96, orderRef='', evRule='', evMultiplier=0.0, modelCode='', lastLiquidity=2), commissionReport=CommissionReport(execId='', commission=0.0, currency='', realizedPNL=0.0, yield_=0.0, yieldRedemptionDate=0), time=datetime.datetime(2025, 11, 18, 18, 56, 58, 126620, tzinfo=datetime.timezone.utc))
2025-11-18 13:56:58,256 INFO orderStatus: Trade(contract=Stock(conId=756733, symbol='SPY', exchange='SMART', primaryExchange='ARCA', currency='USD', localSymbol='SPY', tradingClass='SPY'), order=MarketOrder(orderId=25, clientId=1, permId=75279217, action='BUY', totalQuantity=1.0, lmtPrice=0.0, auxPrice=0.0), orderStatus=OrderStatus(orderId=25, status='Filled', filled=1.0, remaining=0.0, avgFillPrice=664.96, permId=75279217, parentId=0, lastFillPrice=664.96, clientId=1, whyHeld='', mktCapPrice=0.0), fills=[Fill(contract=Stock(conId=756733, symbol='SPY', exchange='SMART', primaryExchange='ARCA', currency='USD', localSymbol='SPY', tradingClass='SPY'), execution=Execution(execId='00012ec5.691ce968.01.01', time=datetime.datetime(2025, 11, 18, 23, 56, 35, tzinfo=datetime.timezone.utc), acctNumber='DUO156311', exchange='BYX', side='BOT', shares=1.0, price=664.96, permId=75279217, clientId=1, orderId=25, liquidation=0, cumQty=1.0, avgPrice=664.96, orderRef='', evRule='', evMultiplier=0.0, modelCode='', lastLiquidity=2), commissionReport=CommissionReport(execId='', commission=0.0, currency='', realizedPNL=0.0, yield_=0.0, yieldRedemptionDate=0), time=datetime.datetime(2025, 11, 18, 18, 56, 58, 126620, tzinfo=datetime.timezone.utc))], log=[TradeLogEntry(time=datetime.datetime(2025, 11, 18, 18, 51, 46, 882414, tzinfo=datetime.timezone.utc), status='PendingSubmit', message='', errorCode=0), TradeLogEntry(time=datetime.datetime(2025, 11, 18, 18, 56, 58, 126620, tzinfo=datetime.timezone.utc), status='Cancelled', message='Error 10349, reqId 25: Order TIF was set to DAY based on order preset.', errorCode=10349), TradeLogEntry(time=datetime.datetime(2025, 11, 18, 18, 56, 58, 126620, tzinfo=datetime.timezone.utc), status='PreSubmitted', message='', errorCode=0), TradeLogEntry(time=datetime.datetime(2025, 11, 18, 18, 56, 58, 126620, tzinfo=datetime.timezone.utc), status='PreSubmitted', message='Fill 1.0@664.96', errorCode=0), TradeLogEntry(time=datetime.datetime(2025, 11, 18, 18, 56, 58, 126620, tzinfo=datetime.timezone.utc), status='Filled', message='', errorCode=0)], advancedError='')
2025-11-18 13:56:58,258 INFO commissionReport: CommissionReport(execId='00012ec5.691ce968.01.01', commission=1.000022, currency='USD', realizedPNL=0.0, yield_=0.0, yieldRedemptionDate=0)
2025-11-18 13:56:58,259 INFO position: Position(account='DUO156311', contract=Stock(conId=756733, symbol='SPY', exchange='ARCA', currency='USD', localSymbol='SPY', tradingClass='SPY'), position=5.0, avgCost=665.9600220000001)
2025-11-18 13:56:58,260 INFO updatePortfolio: PortfolioItem(contract=Stock(conId=756733, symbol='SPY', right='0', primaryExchange='ARCA', currency='USD', localSymbol='SPY', tradingClass='SPY'), position=4.0, marketPrice=664.94000245, marketValue=2659.76, averageCost=665.960022, unrealizedPNL=-4.08, realizedPNL=0.0, account='DUO156311')
2025-11-18 13:56:58,262 INFO position: Position(account='DUO156311', contract=Stock(conId=756733, symbol='SPY', exchange='ARCA', currency='USD', localSymbol='SPY', tradingClass='SPY'), position=6.0, avgCost=665.7933516666668)
2025-11-18 13:56:58,263 INFO execDetails Execution(execId='00012ec5.691ce969.01.01', time=datetime.datetime(2025, 11, 18, 23, 56, 35, tzinfo=datetime.timezone.utc), acctNumber='DUO156311', exchange='BYX', side='BOT', shares=1.0, price=664.96, permId=75279218, clientId=1, orderId=27, liquidation=0, cumQty=1.0, avgPrice=664.96, orderRef='', evRule='', evMultiplier=0.0, modelCode='', lastLiquidity=2)
2025-11-18 13:56:58,264 INFO execDetails: Fill(contract=Stock(conId=756733, symbol='SPY', exchange='SMART', primaryExchange='ARCA', currency='USD', localSymbol='SPY', tradingClass='SPY'), execution=Execution(execId='00012ec5.691ce969.01.01', time=datetime.datetime(2025, 11, 18, 23, 56, 35, tzinfo=datetime.timezone.utc), acctNumber='DUO156311', exchange='BYX', side='BOT', shares=1.0, price=664.96, permId=75279218, clientId=1, orderId=27, liquidation=0, cumQty=1.0, avgPrice=664.96, orderRef='', evRule='', evMultiplier=0.0, modelCode='', lastLiquidity=2), commissionReport=CommissionReport(execId='', commission=0.0, currency='', realizedPNL=0.0, yield_=0.0, yieldRedemptionDate=0), time=datetime.datetime(2025, 11, 18, 18, 56, 58, 126620, tzinfo=datetime.timezone.utc))
2025-11-18 13:56:58,265 INFO orderStatus: Trade(contract=Stock(conId=756733, symbol='SPY', exchange='SMART', primaryExchange='ARCA', currency='USD', localSymbol='SPY', tradingClass='SPY'), order=MarketOrder(orderId=27, clientId=1, permId=75279218, action='BUY', totalQuantity=1.0, lmtPrice=0.0, auxPrice=0.0), orderStatus=OrderStatus(orderId=27, status='Filled', filled=1.0, remaining=0.0, avgFillPrice=664.96, permId=75279218, parentId=0, lastFillPrice=664.96, clientId=1, whyHeld='', mktCapPrice=0.0), fills=[Fill(contract=Stock(conId=756733, symbol='SPY', exchange='SMART', primaryExchange='ARCA', currency='USD', localSymbol='SPY', tradingClass='SPY'), execution=Execution(execId='00012ec5.691ce969.01.01', time=datetime.datetime(2025, 11, 18, 23, 56, 35, tzinfo=datetime.timezone.utc), acctNumber='DUO156311', exchange='BYX', side='BOT', shares=1.0, price=664.96, permId=75279218, clientId=1, orderId=27, liquidation=0, cumQty=1.0, avgPrice=664.96, orderRef='', evRule='', evMultiplier=0.0, modelCode='', lastLiquidity=2), commissionReport=CommissionReport(execId='', commission=0.0, currency='', realizedPNL=0.0, yield_=0.0, yieldRedemptionDate=0), time=datetime.datetime(2025, 11, 18, 18, 56, 58, 126620, tzinfo=datetime.timezone.utc))], log=[TradeLogEntry(time=datetime.datetime(2025, 11, 18, 18, 52, 49, 211454, tzinfo=datetime.timezone.utc), status='PendingSubmit', message='', errorCode=0), TradeLogEntry(time=datetime.datetime(2025, 11, 18, 18, 56, 58, 126620, tzinfo=datetime.timezone.utc), status='Cancelled', message='Error 10349, reqId 27: Order TIF was set to DAY based on order preset.', errorCode=10349), TradeLogEntry(time=datetime.datetime(2025, 11, 18, 18, 56, 58, 126620, tzinfo=datetime.timezone.utc), status='PreSubmitted', message='', errorCode=0), TradeLogEntry(time=datetime.datetime(2025, 11, 18, 18, 56, 58, 126620, tzinfo=datetime.timezone.utc), status='PreSubmitted', message='Fill 1.0@664.96', errorCode=0), TradeLogEntry(time=datetime.datetime(2025, 11, 18, 18, 56, 58, 126620, tzinfo=datetime.timezone.utc), status='Filled', message='', errorCode=0)], advancedError='')
2025-11-18 13:56:58,275 INFO commissionReport: CommissionReport(execId='00012ec5.691ce969.01.01', commission=1.000022, currency='USD', realizedPNL=0.0, yield_=0.0, yieldRedemptionDate=0)
2025-11-18 13:56:58,276 INFO position: Position(account='DUO156311', contract=Stock(conId=756733, symbol='SPY', exchange='ARCA', currency='USD', localSymbol='SPY', tradingClass='SPY'), position=6.0, avgCost=665.9600220000001)
2025-11-18 13:56:58,277 INFO position: Position(account='DUO156311', contract=Stock(conId=756733, symbol='SPY', exchange='ARCA', currency='USD', localSymbol='SPY', tradingClass='SPY'), position=7.0, avgCost=665.8171617142858)
2025-11-18 13:56:58,277 INFO execDetails Execution(execId='00012ec5.691ce96a.01.01', time=datetime.datetime(2025, 11, 18, 23, 56, 35, tzinfo=datetime.timezone.utc), acctNumber='DUO156311', exchange='BYX', side='BOT', shares=1.0, price=664.96, permId=75279219, clientId=1, orderId=29, liquidation=0, cumQty=1.0, avgPrice=664.96, orderRef='', evRule='', evMultiplier=0.0, modelCode='', lastLiquidity=2)
2025-11-18 13:56:58,277 INFO execDetails: Fill(contract=Stock(conId=756733, symbol='SPY', exchange='SMART', primaryExchange='ARCA', currency='USD', localSymbol='SPY', tradingClass='SPY'), execution=Execution(execId='00012ec5.691ce96a.01.01', time=datetime.datetime(2025, 11, 18, 23, 56, 35, tzinfo=datetime.timezone.utc), acctNumber='DUO156311', exchange='BYX', side='BOT', shares=1.0, price=664.96, permId=75279219, clientId=1, orderId=29, liquidation=0, cumQty=1.0, avgPrice=664.96, orderRef='', evRule='', evMultiplier=0.0, modelCode='', lastLiquidity=2), commissionReport=CommissionReport(execId='', commission=0.0, currency='', realizedPNL=0.0, yield_=0.0, yieldRedemptionDate=0), time=datetime.datetime(2025, 11, 18, 18, 56, 58, 126620, tzinfo=datetime.timezone.utc))
2025-11-18 13:56:58,279 INFO orderStatus: Trade(contract=Stock(conId=756733, symbol='SPY', exchange='SMART', primaryExchange='ARCA', currency='USD', localSymbol='SPY', tradingClass='SPY'), order=MarketOrder(orderId=29, clientId=1, permId=75279219, action='BUY', totalQuantity=1.0, lmtPrice=0.0, auxPrice=0.0), orderStatus=OrderStatus(orderId=29, status='Filled', filled=1.0, remaining=0.0, avgFillPrice=664.96, permId=75279219, parentId=0, lastFillPrice=664.96, clientId=1, whyHeld='', mktCapPrice=0.0), fills=[Fill(contract=Stock(conId=756733, symbol='SPY', exchange='SMART', primaryExchange='ARCA', currency='USD', localSymbol='SPY', tradingClass='SPY'), execution=Execution(execId='00012ec5.691ce96a.01.01', time=datetime.datetime(2025, 11, 18, 23, 56, 35, tzinfo=datetime.timezone.utc), acctNumber='DUO156311', exchange='BYX', side='BOT', shares=1.0, price=664.96, permId=75279219, clientId=1, orderId=29, liquidation=0, cumQty=1.0, avgPrice=664.96, orderRef='', evRule='', evMultiplier=0.0, modelCode='', lastLiquidity=2), commissionReport=CommissionReport(execId='', commission=0.0, currency='', realizedPNL=0.0, yield_=0.0, yieldRedemptionDate=0), time=datetime.datetime(2025, 11, 18, 18, 56, 58, 126620, tzinfo=datetime.timezone.utc))], log=[TradeLogEntry(time=datetime.datetime(2025, 11, 18, 18, 53, 51, 510342, tzinfo=datetime.timezone.utc), status='PendingSubmit', message='', errorCode=0), TradeLogEntry(time=datetime.datetime(2025, 11, 18, 18, 56, 58, 126620, tzinfo=datetime.timezone.utc), status='Cancelled', message='Error 10349, reqId 29: Order TIF was set to DAY based on order preset.', errorCode=10349), TradeLogEntry(time=datetime.datetime(2025, 11, 18, 18, 56, 58, 126620, tzinfo=datetime.timezone.utc), status='PreSubmitted', message='', errorCode=0), TradeLogEntry(time=datetime.datetime(2025, 11, 18, 18, 56, 58, 126620, tzinfo=datetime.timezone.utc), status='PreSubmitted', message='Fill 1.0@664.96', errorCode=0), TradeLogEntry(time=datetime.datetime(2025, 11, 18, 18, 56, 58, 126620, tzinfo=datetime.timezone.utc), status='Filled', message='', errorCode=0)], advancedError='')
2025-11-18 13:56:58,281 INFO commissionReport: CommissionReport(execId='00012ec5.691ce96a.01.01', commission=1.000022, currency='USD', realizedPNL=0.0, yield_=0.0, yieldRedemptionDate=0)
2025-11-18 13:56:58,283 INFO position: Position(account='DUO156311', contract=Stock(conId=756733, symbol='SPY', exchange='ARCA', currency='USD', localSymbol='SPY', tradingClass='SPY'), position=7.0, avgCost=665.9600220000001)
2025-11-18 13:56:58,296 INFO position: Position(account='DUO156311', contract=Stock(conId=756733, symbol='SPY', exchange='ARCA', currency='USD', localSymbol='SPY', tradingClass='SPY'), position=8.0, avgCost=665.8350192500001)
2025-11-18 13:56:58,297 INFO execDetails Execution(execId='00012ec5.691ce96b.01.01', time=datetime.datetime(2025, 11, 18, 23, 56, 36, tzinfo=datetime.timezone.utc), acctNumber='DUO156311', exchange='BYX', side='BOT', shares=1.0, price=664.96, permId=75279220, clientId=1, orderId=31, liquidation=0, cumQty=1.0, avgPrice=664.96, orderRef='', evRule='', evMultiplier=0.0, modelCode='', lastLiquidity=2)
2025-11-18 13:56:58,298 INFO execDetails: Fill(contract=Stock(conId=756733, symbol='SPY', exchange='SMART', primaryExchange='ARCA', currency='USD', localSymbol='SPY', tradingClass='SPY'), execution=Execution(execId='00012ec5.691ce96b.01.01', time=datetime.datetime(2025, 11, 18, 23, 56, 36, tzinfo=datetime.timezone.utc), acctNumber='DUO156311', exchange='BYX', side='BOT', shares=1.0, price=664.96, permId=75279220, clientId=1, orderId=31, liquidation=0, cumQty=1.0, avgPrice=664.96, orderRef='', evRule='', evMultiplier=0.0, modelCode='', lastLiquidity=2), commissionReport=CommissionReport(execId='', commission=0.0, currency='', realizedPNL=0.0, yield_=0.0, yieldRedemptionDate=0), time=datetime.datetime(2025, 11, 18, 18, 56, 58, 126620, tzinfo=datetime.timezone.utc))
2025-11-18 13:56:58,306 INFO orderStatus: Trade(contract=Stock(conId=756733, symbol='SPY', exchange='SMART', primaryExchange='ARCA', currency='USD', localSymbol='SPY', tradingClass='SPY'), order=MarketOrder(orderId=31, clientId=1, permId=75279220, action='BUY', totalQuantity=1.0, lmtPrice=0.0, auxPrice=0.0), orderStatus=OrderStatus(orderId=31, status='Filled', filled=1.0, remaining=0.0, avgFillPrice=664.96, permId=75279220, parentId=0, lastFillPrice=664.96, clientId=1, whyHeld='', mktCapPrice=0.0), fills=[Fill(contract=Stock(conId=756733, symbol='SPY', exchange='SMART', primaryExchange='ARCA', currency='USD', localSymbol='SPY', tradingClass='SPY'), execution=Execution(execId='00012ec5.691ce96b.01.01', time=datetime.datetime(2025, 11, 18, 23, 56, 36, tzinfo=datetime.timezone.utc), acctNumber='DUO156311', exchange='BYX', side='BOT', shares=1.0, price=664.96, permId=75279220, clientId=1, orderId=31, liquidation=0, cumQty=1.0, avgPrice=664.96, orderRef='', evRule='', evMultiplier=0.0, modelCode='', lastLiquidity=2), commissionReport=CommissionReport(execId='', commission=0.0, currency='', realizedPNL=0.0, yield_=0.0, yieldRedemptionDate=0), time=datetime.datetime(2025, 11, 18, 18, 56, 58, 126620, tzinfo=datetime.timezone.utc))], log=[TradeLogEntry(time=datetime.datetime(2025, 11, 18, 18, 54, 53, 821221, tzinfo=datetime.timezone.utc), status='PendingSubmit', message='', errorCode=0), TradeLogEntry(time=datetime.datetime(2025, 11, 18, 18, 56, 58, 126620, tzinfo=datetime.timezone.utc), status='Cancelled', message='Error 10349, reqId 31: Order TIF was set to DAY based on order preset.', errorCode=10349), TradeLogEntry(time=datetime.datetime(2025, 11, 18, 18, 56, 58, 126620, tzinfo=datetime.timezone.utc), status='PreSubmitted', message='', errorCode=0), TradeLogEntry(time=datetime.datetime(2025, 11, 18, 18, 56, 58, 126620, tzinfo=datetime.timezone.utc), status='PreSubmitted', message='Fill 1.0@664.96', errorCode=0), TradeLogEntry(time=datetime.datetime(2025, 11, 18, 18, 56, 58, 126620, tzinfo=datetime.timezone.utc), status='Filled', message='', errorCode=0)], advancedError='')
2025-11-18 13:56:58,308 INFO commissionReport: CommissionReport(execId='00012ec5.691ce96b.01.01', commission=1.000022, currency='USD', realizedPNL=0.0, yield_=0.0, yieldRedemptionDate=0)
2025-11-18 13:56:58,309 INFO position: Position(account='DUO156311', contract=Stock(conId=756733, symbol='SPY', exchange='ARCA', currency='USD', localSymbol='SPY', tradingClass='SPY'), position=8.0, avgCost=665.9600220000001)
2025-11-18 13:56:58,310 INFO updatePortfolio: PortfolioItem(contract=Stock(conId=756733, symbol='SPY', right='0', primaryExchange='ARCA', currency='USD', localSymbol='SPY', tradingClass='SPY'), position=7.0, marketPrice=664.94000245, marketValue=4654.58, averageCost=665.960022, unrealizedPNL=-7.14, realizedPNL=0.0, account='DUO156311')
2025-11-18 13:56:58,311 INFO position: Position(account='DUO156311', contract=Stock(conId=756733, symbol='SPY', exchange='ARCA', currency='USD', localSymbol='SPY', tradingClass='SPY'), position=9.0, avgCost=665.8489084444445)
2025-11-18 13:56:58,311 INFO execDetails Execution(execId='00012ec5.691ce96c.01.01', time=datetime.datetime(2025, 11, 18, 23, 56, 36, tzinfo=datetime.timezone.utc), acctNumber='DUO156311', exchange='BYX', side='BOT', shares=1.0, price=664.96, permId=75279221, clientId=1, orderId=33, liquidation=0, cumQty=1.0, avgPrice=664.96, orderRef='', evRule='', evMultiplier=0.0, modelCode='', lastLiquidity=2)
2025-11-18 13:56:58,312 INFO execDetails: Fill(contract=Stock(conId=756733, symbol='SPY', exchange='SMART', primaryExchange='ARCA', currency='USD', localSymbol='SPY', tradingClass='SPY'), execution=Execution(execId='00012ec5.691ce96c.01.01', time=datetime.datetime(2025, 11, 18, 23, 56, 36, tzinfo=datetime.timezone.utc), acctNumber='DUO156311', exchange='BYX', side='BOT', shares=1.0, price=664.96, permId=75279221, clientId=1, orderId=33, liquidation=0, cumQty=1.0, avgPrice=664.96, orderRef='', evRule='', evMultiplier=0.0, modelCode='', lastLiquidity=2), commissionReport=CommissionReport(execId='', commission=0.0, currency='', realizedPNL=0.0, yield_=0.0, yieldRedemptionDate=0), time=datetime.datetime(2025, 11, 18, 18, 56, 58, 126620, tzinfo=datetime.timezone.utc))
2025-11-18 13:56:58,313 INFO orderStatus: Trade(contract=Stock(conId=756733, symbol='SPY', exchange='SMART', primaryExchange='ARCA', currency='USD', localSymbol='SPY', tradingClass='SPY'), order=MarketOrder(orderId=33, clientId=1, permId=75279221, action='BUY', totalQuantity=1.0, lmtPrice=0.0, auxPrice=0.0), orderStatus=OrderStatus(orderId=33, status='Filled', filled=1.0, remaining=0.0, avgFillPrice=664.96, permId=75279221, parentId=0, lastFillPrice=664.96, clientId=1, whyHeld='', mktCapPrice=0.0), fills=[Fill(contract=Stock(conId=756733, symbol='SPY', exchange='SMART', primaryExchange='ARCA', currency='USD', localSymbol='SPY', tradingClass='SPY'), execution=Execution(execId='00012ec5.691ce96c.01.01', time=datetime.datetime(2025, 11, 18, 23, 56, 36, tzinfo=datetime.timezone.utc), acctNumber='DUO156311', exchange='BYX', side='BOT', shares=1.0, price=664.96, permId=75279221, clientId=1, orderId=33, liquidation=0, cumQty=1.0, avgPrice=664.96, orderRef='', evRule='', evMultiplier=0.0, modelCode='', lastLiquidity=2), commissionReport=CommissionReport(execId='', commission=0.0, currency='', realizedPNL=0.0, yield_=0.0, yieldRedemptionDate=0), time=datetime.datetime(2025, 11, 18, 18, 56, 58, 126620, tzinfo=datetime.timezone.utc))], log=[TradeLogEntry(time=datetime.datetime(2025, 11, 18, 18, 55, 56, 112366, tzinfo=datetime.timezone.utc), status='PendingSubmit', message='', errorCode=0), TradeLogEntry(time=datetime.datetime(2025, 11, 18, 18, 56, 58, 126620, tzinfo=datetime.timezone.utc), status='Cancelled', message='Error 10349, reqId 33: Order TIF was set to DAY based on order preset.', errorCode=10349), TradeLogEntry(time=datetime.datetime(2025, 11, 18, 18, 56, 58, 126620, tzinfo=datetime.timezone.utc), status='PreSubmitted', message='', errorCode=0), TradeLogEntry(time=datetime.datetime(2025, 11, 18, 18, 56, 58, 126620, tzinfo=datetime.timezone.utc), status='PreSubmitted', message='Fill 1.0@664.96', errorCode=0), TradeLogEntry(time=datetime.datetime(2025, 11, 18, 18, 56, 58, 126620, tzinfo=datetime.timezone.utc), status='Filled', message='', errorCode=0)], advancedError='')
2025-11-18 13:56:58,314 INFO commissionReport: CommissionReport(execId='00012ec5.691ce96c.01.01', commission=1.000022, currency='USD', realizedPNL=0.0, yield_=0.0, yieldRedemptionDate=0)
2025-11-18 13:56:58,315 INFO position: Position(account='DUO156311', contract=Stock(conId=756733, symbol='SPY', exchange='ARCA', currency='USD', localSymbol='SPY', tradingClass='SPY'), position=9.0, avgCost=665.9600220000001)
2025-11-18 13:56:58,324 INFO updatePortfolio: PortfolioItem(contract=Stock(conId=756733, symbol='SPY', right='0', primaryExchange='ARCA', currency='USD', localSymbol='SPY', tradingClass='SPY'), position=9.0, marketPrice=664.94000245, marketValue=5984.46, averageCost=665.960022, unrealizedPNL=-9.18, realizedPNL=0.0, account='DUO156311')
2025-11-18 13:56:58,349 INFO Fetched 363 bars from IB, latest: 362
2025-11-18 13:56:58,409 INFO Decision: SELL prob=0.517 price=664.96 (threshold=0.52)
2025-11-18 13:56:58,409 INFO Current position: 9.0 shares
2025-11-18 13:56:58,410 INFO placeOrder: New order Trade(contract=Stock(conId=756733, symbol='SPY', exchange='SMART', primaryExchange='ARCA', currency='USD', localSymbol='SPY', tradingClass='SPY'), order=MarketOrder(orderId=35, clientId=1, action='SELL', totalQuantity=9.0), orderStatus=OrderStatus(orderId=35, status='PendingSubmit', filled=0.0, remaining=0.0, avgFillPrice=0.0, permId=0, parentId=0, lastFillPrice=0.0, clientId=0, whyHeld='', mktCapPrice=0.0), fills=[], log=[TradeLogEntry(time=datetime.datetime(2025, 11, 18, 18, 56, 58, 409899, tzinfo=datetime.timezone.utc), status='PendingSubmit', message='', errorCode=0)], advancedError='')
2025-11-18 13:56:58,410 INFO \u2705 PLACED SELL ORDER for 9.0 shares: Trade(contract=Stock(conId=756733, symbol='SPY', exchange='SMART', primaryExchange='ARCA', currency='USD', localSymbol='SPY', tradingClass='SPY'), order=MarketOrder(orderId=35, clientId=1, action='SELL', totalQuantity=9.0), orderStatus=OrderStatus(orderId=35, status='PendingSubmit', filled=0.0, remaining=0.0, avgFillPrice=0.0, permId=0, parentId=0, lastFillPrice=0.0, clientId=0, whyHeld='', mktCapPrice=0.0), fills=[], log=[TradeLogEntry(time=datetime.datetime(2025, 11, 18, 18, 56, 58, 409899, tzinfo=datetime.timezone.utc), status='PendingSubmit', message='', errorCode=0)], advancedError='')
2025-11-18 13:56:58,416 ERROR Error 10349, reqId 35: Order TIF was set to DAY based on order preset.
2025-11-18 13:56:58,417 WARNING Canceled order: Trade(contract=Stock(conId=756733, symbol='SPY', exchange='SMART', primaryExchange='ARCA', currency='USD', localSymbol='SPY', tradingClass='SPY'), order=MarketOrder(orderId=35, clientId=1, action='SELL', totalQuantity=9.0), orderStatus=OrderStatus(orderId=35, status='Cancelled', filled=0.0, remaining=0.0, avgFillPrice=0.0, permId=0, parentId=0, lastFillPrice=0.0, clientId=0, whyHeld='', mktCapPrice=0.0), fills=[], log=[TradeLogEntry(time=datetime.datetime(2025, 11, 18, 18, 56, 58, 409899, tzinfo=datetime.timezone.utc), status='PendingSubmit', message='', errorCode=0), TradeLogEntry(time=datetime.datetime(2025, 11, 18, 18, 56, 58, 416807, tzinfo=datetime.timezone.utc), status='Cancelled', message='Error 10349, reqId 35: Order TIF was set to DAY based on order preset.', errorCode=10349)], advancedError='')
2025-11-18 13:56:58,488 INFO orderStatus: Trade(contract=Stock(conId=756733, symbol='SPY', exchange='SMART', primaryExchange='ARCA', currency='USD', localSymbol='SPY', tradingClass='SPY'), order=MarketOrder(orderId=35, clientId=1, permId=75279222, action='SELL', totalQuantity=9.0, lmtPrice=0.0, auxPrice=0.0), orderStatus=OrderStatus(orderId=35, status='PreSubmitted', filled=0.0, remaining=9.0, avgFillPrice=0.0, permId=75279222, parentId=0, lastFillPrice=0.0, clientId=1, whyHeld='', mktCapPrice=0.0), fills=[], log=[TradeLogEntry(time=datetime.datetime(2025, 11, 18, 18, 56, 58, 409899, tzinfo=datetime.timezone.utc), status='PendingSubmit', message='', errorCode=0), TradeLogEntry(time=datetime.datetime(2025, 11, 18, 18, 56, 58, 416807, tzinfo=datetime.timezone.utc), status='Cancelled', message='Error 10349, reqId 35: Order TIF was set to DAY based on order preset.', errorCode=10349), TradeLogEntry(time=datetime.datetime(2025, 11, 18, 18, 56, 58, 487479, tzinfo=datetime.timezone.utc), status='PreSubmitted', message='', errorCode=0)], advancedError='')
2025-11-18 13:56:58,512 INFO position: Position(account='DUO156311', contract=Stock(conId=756733, symbol='SPY', exchange='ARCA', currency='USD', localSymbol='SPY', tradingClass='SPY'), position=0.0, avgCost=0.0)
2025-11-18 13:56:58,525 INFO execDetails Execution(execId='00012ec5.691ce9a1.01.01', time=datetime.datetime(2025, 11, 18, 23, 56, 56, tzinfo=datetime.timezone.utc), acctNumber='DUO156311', exchange='BYX', side='SLD', shares=9.0, price=665.01, permId=75279222, clientId=1, orderId=35, liquidation=0, cumQty=9.0, avgPrice=665.01, orderRef='', evRule='', evMultiplier=0.0, modelCode='', lastLiquidity=2)
2025-11-18 13:56:58,526 INFO execDetails: Fill(contract=Stock(conId=756733, symbol='SPY', exchange='SMART', primaryExchange='ARCA', currency='USD', localSymbol='SPY', tradingClass='SPY'), execution=Execution(execId='00012ec5.691ce9a1.01.01', time=datetime.datetime(2025, 11, 18, 23, 56, 56, tzinfo=datetime.timezone.utc), acctNumber='DUO156311', exchange='BYX', side='SLD', shares=9.0, price=665.01, permId=75279222, clientId=1, orderId=35, liquidation=0, cumQty=9.0, avgPrice=665.01, orderRef='', evRule='', evMultiplier=0.0, modelCode='', lastLiquidity=2), commissionReport=CommissionReport(execId='', commission=0.0, currency='', realizedPNL=0.0, yield_=0.0, yieldRedemptionDate=0), time=datetime.datetime(2025, 11, 18, 18, 56, 58, 525486, tzinfo=datetime.timezone.utc))
2025-11-18 13:56:58,538 INFO orderStatus: Trade(contract=Stock(conId=756733, symbol='SPY', exchange='SMART', primaryExchange='ARCA', currency='USD', localSymbol='SPY', tradingClass='SPY'), order=MarketOrder(orderId=35, clientId=1, permId=75279222, action='SELL', totalQuantity=9.0, lmtPrice=0.0, auxPrice=0.0), orderStatus=OrderStatus(orderId=35, status='Filled', filled=9.0, remaining=0.0, avgFillPrice=665.01, permId=75279222, parentId=0, lastFillPrice=665.01, clientId=1, whyHeld='', mktCapPrice=0.0), fills=[Fill(contract=Stock(conId=756733, symbol='SPY', exchange='SMART', primaryExchange='ARCA', currency='USD', localSymbol='SPY', tradingClass='SPY'), execution=Execution(execId='00012ec5.691ce9a1.01.01', time=datetime.datetime(2025, 11, 18, 23, 56, 56, tzinfo=datetime.timezone.utc), acctNumber='DUO156311', exchange='BYX', side='SLD', shares=9.0, price=665.01, permId=75279222, clientId=1, orderId=35, liquidation=0, cumQty=9.0, avgPrice=665.01, orderRef='', evRule='', evMultiplier=0.0, modelCode='', lastLiquidity=2), commissionReport=CommissionReport(execId='', commission=0.0, currency='', realizedPNL=0.0, yield_=0.0, yieldRedemptionDate=0), time=datetime.datetime(2025, 11, 18, 18, 56, 58, 525486, tzinfo=datetime.timezone.utc))], log=[TradeLogEntry(time=datetime.datetime(2025, 11, 18, 18, 56, 58, 409899, tzinfo=datetime.timezone.utc), status='PendingSubmit', message='', errorCode=0), TradeLogEntry(time=datetime.datetime(2025, 11, 18, 18, 56, 58, 416807, tzinfo=datetime.timezone.utc), status='Cancelled', message='Error 10349, reqId 35: Order TIF was set to DAY based on order preset.', errorCode=10349), TradeLogEntry(time=datetime.datetime(2025, 11, 18, 18, 56, 58, 487479, tzinfo=datetime.timezone.utc), status='PreSubmitted', message='', errorCode=0), TradeLogEntry(time=datetime.datetime(2025, 11, 18, 18, 56, 58, 525486, tzinfo=datetime.timezone.utc), status='PreSubmitted', message='Fill 9.0@665.01', errorCode=0), TradeLogEntry(time=datetime.datetime(2025, 11, 18, 18, 56, 58, 538209, tzinfo=datetime.timezone.utc), status='Filled', message='', errorCode=0)], advancedError='')
2025-11-18 13:56:58,542 INFO commissionReport: CommissionReport(execId='00012ec5.691ce9a1.01.01', commission=1.001692, currency='USD', realizedPNL=-9.55189, yield_=0.0, yieldRedemptionDate=0)
2025-11-18 13:56:58,543 INFO position: Position(account='DUO156311', contract=Stock(conId=756733, symbol='SPY', exchange='ARCA', currency='USD', localSymbol='SPY', tradingClass='SPY'), position=0.0, avgCost=0.0)
2025-11-18 13:56:58,544 INFO position: Position(account='DUO156311', contract=Stock(conId=756733, symbol='SPY', exchange='ARCA', currency='USD', localSymbol='SPY', tradingClass='SPY'), position=0.0, avgCost=0.0)
2025-11-18 13:56:59,512 INFO updatePortfolio: PortfolioItem(contract=Stock(conId=756733, symbol='SPY', right='0', primaryExchange='ARCA', currency='USD', localSymbol='SPY', tradingClass='SPY'), position=0.0, marketPrice=665.01000975, marketValue=0.0, averageCost=0.0, unrealizedPNL=0.0, realizedPNL=-9.55, account='DUO156311')
2025-11-18 13:57:56,643 INFO Disconnecting from 127.0.0.1:7497, 3.98 kB sent in 41 messages, 698 kB received in 1227 messages, session time 1.34 ks.
2025-11-18 13:57:56,645 INFO Disconnecting
