2025-11-18 12:24:55,474 INFO Model loaded successfully
2025-11-18 12:24:55,475 INFO Connecting to IB at 127.0.0.1:7497 (attempt 1/3)
2025-11-18 12:24:55,477 INFO Connecting to 127.0.0.1:7497 with clientId 1...
2025-11-18 12:24:55,479 INFO Connected
2025-11-18 12:24:55,566 INFO Logged on to server version 176
2025-11-18 12:24:55,584 INFO API connection ready
2025-11-18 12:24:55,589 INFO Warning 2104, reqId -1: Market data farm connection is OK:usfarm.nj
2025-11-18 12:24:55,590 INFO Warning 2104, reqId -1: Market data farm connection is OK:usfuture
2025-11-18 12:24:55,590 INFO Warning 2104, reqId -1: Market data farm connection is OK:usopt.nj
2025-11-18 12:24:55,591 INFO Warning 2104, reqId -1: Market data farm connection is OK:cashfarm
2025-11-18 12:24:55,591 INFO Warning 2104, reqId -1: Market data farm connection is OK:usfarm
2025-11-18 12:24:55,591 INFO Warning 2106, reqId -1: HMDS data farm connection is OK:ushmds
2025-11-18 12:24:55,591 INFO Warning 2158, reqId -1: Sec-def data farm connection is OK:secdefil
2025-11-18 12:24:56,004 INFO Synchronization complete
2025-11-18 12:24:56,005 INFO Connected to IB successfully
2025-11-18 12:24:56,082 INFO Starting IBKR bot (dry_run=True)
2025-11-18 12:24:56,082 INFO Polling every 60 seconds
2025-11-18 12:24:56,589 INFO Fetched 110 bars from IB, latest: 109
2025-11-18 12:24:56,727 INFO Decision: SELL prob=0.551 price=660.47
2025-11-18 12:24:56,728 INFO Current position: 0 shares
2025-11-18 12:24:56,728 INFO Dry-run mode: no order placed.
2025-11-18 12:25:56,965 INFO Fetched 111 bars from IB, latest: 110
2025-11-18 12:25:57,003 INFO Decision: SELL prob=0.508 price=660.84
2025-11-18 12:25:57,004 INFO Current position: 0 shares
2025-11-18 12:25:57,004 INFO Dry-run mode: no order placed.
2025-11-18 12:26:57,199 INFO Fetched 111 bars from IB, latest: 110
2025-11-18 12:26:57,249 INFO Decision: SELL prob=0.480 price=660.42
2025-11-18 12:26:57,249 INFO Current position: 0 shares
2025-11-18 12:26:57,249 INFO Dry-run mode: no order placed.
2025-11-18 12:27:57,422 INFO Fetched 111 bars from IB, latest: 110
2025-11-18 12:27:57,459 INFO Decision: SELL prob=0.476 price=660.66
2025-11-18 12:27:57,459 INFO Current position: 0 shares
2025-11-18 12:27:57,459 INFO Dry-run mode: no order placed.
2025-11-18 12:28:57,641 INFO Fetched 111 bars from IB, latest: 110
2025-11-18 12:28:57,678 INFO Decision: SELL prob=0.481 price=660.95
2025-11-18 12:28:57,678 INFO Current position: 0 shares
2025-11-18 12:28:57,678 INFO Dry-run mode: no order placed.
2025-11-18 12:29:57,852 INFO Fetched 111 bars from IB, latest: 110
2025-11-18 12:29:57,887 INFO Decision: SELL prob=0.480 price=660.36
2025-11-18 12:29:57,887 INFO Current position: 0 shares
2025-11-18 12:29:57,888 INFO Dry-run mode: no order placed.
2025-11-18 12:30:58,067 INFO Fetched 112 bars from IB, latest: 111
2025-11-18 12:30:58,104 INFO Decision: SELL prob=0.548 price=660.25
2025-11-18 12:30:58,104 INFO Current position: 0 shares
2025-11-18 12:30:58,104 INFO Dry-run mode: no order placed.
2025-11-18 12:31:58,285 INFO Fetched 112 bars from IB, latest: 111
2025-11-18 12:31:58,334 INFO Decision: SELL prob=0.538 price=660.14
2025-11-18 12:31:58,335 INFO Current position: 0 shares
2025-11-18 12:31:58,335 INFO Dry-run mode: no order placed.
2025-11-18 12:32:10,332 INFO Disconnecting from 127.0.0.1:7497, 820 B sent in 17 messages, 90.0 kB received in 420 messages, session time 435 s.
2025-11-18 12:32:10,333 INFO Disconnecting
