2025-11-17 17:11:23,643 INFO Loaded 1589 rows for training
2025-11-17 17:11:23,648 INFO Class distribution - 0: 800, 1: 789
2025-11-17 17:11:23,649 INFO Train size: 1271, Test size: 318
2025-11-17 17:11:23,653 INFO Training Random Forest...
2025-11-17 17:11:24,074 INFO Validation accuracy: 0.4937
2025-11-17 17:11:24,079 INFO 
              precision    recall  f1-score   support

           0       0.51      0.48      0.49       163
           1       0.48      0.51      0.50       155

    accuracy                           0.49       318
   macro avg       0.49      0.49      0.49       318
weighted avg       0.49      0.49      0.49       318

2025-11-17 17:11:24,082 INFO 
Confusion Matrix:
[[78 85]
 [76 79]]
2025-11-17 17:11:24,133 INFO 
Feature Importance:
     feature  importance
7  ret_lag_2    0.122190
8  ret_lag_3    0.119263
5      ret_3    0.112746
6  ret_lag_1    0.112424
4      ret_1    0.111211
3        atr    0.109675
2        rsi    0.108806
1   sma_long    0.105358
0  sma_short    0.098327
2025-11-17 17:11:24,203 INFO Saved model to C:\Users\andre\TRADINGBOT\models\rf_model.joblib
